{"order_time":"2020-04-23 14:34:36","order_id":"ORDER-WBVZKKCLPOLITZ","order_amount":"61000"}
{"order_time":"2020-04-23 14:35:06","order_id":"ORDER-EQVERFHTREZYWL","order_amount":"39000"}
{"order_time":"2020-04-23 14:35:37","order_id":"ORDER-EFZRJSNSKKLJKN","order_amount":"44000"}
{"order_time":"2020-04-23 14:36:07","order_id":"ORDER-MBJCDRMFQJNJRZ","order_amount":"55000"}
{"order_time":"2020-04-23 14:36:37","order_id":"ORDER-QHFYWIXRYDGUMQ","order_amount":"93000"}
{"order_time":"2020-04-23 14:37:07","order_id":"ORDER-DDACOIIOHTHEJX","order_amount":"32000"}
{"order_time":"2020-04-23 14:37:37","order_id":"ORDER-FRDIFBGXRVDTAV","order_amount":"50000"}
{"order_time":"2020-04-23 14:38:07","order_id":"ORDER-XOJRODBXUIBRAO","order_amount":"11000"}
{"order_time":"2020-04-23 14:38:37","order_id":"ORDER-UJRBSHHOOVPEUP","order_amount":"26000"}
{"order_time":"2020-04-23 14:39:07","order_id":"ORDER-OEJWFJEEVMSROO","order_amount":"89000"}
{"order_time":"2020-04-23 14:39:37","order_id":"ORDER-SYXIYSBSDSMWCN","order_amount":"46000"}
{"order_time":"2020-04-23 14:40:07","order_id":"ORDER-DQQQLPODDECHPL","order_amount":"39000"}
{"order_time":"2020-04-23 14:40:37","order_id":"ORDER-COMUCCSSZOSPAY","order_amount":"74000"}
{"order_time":"2020-04-23 14:41:07","order_id":"ORDER-LBTXJIIWZJBQWV","order_amount":"41000"}
{"order_time":"2020-04-23 14:41:37","order_id":"ORDER-LDWGHTJYCANBDE","order_amount":"96000"}
{"order_time":"2020-04-23 14:42:07","order_id":"ORDER-LNJQFJDREYFFFV","order_amount":"84000"}
{"order_time":"2020-04-23 14:42:37","order_id":"ORDER-HTTSFEDUBSGKKG","order_amount":"16000"}
{"order_time":"2020-04-23 14:43:07","order_id":"ORDER-SWNYQPLUAAASVH","order_amount":"86000"}
{"order_time":"2020-04-23 14:43:37","order_id":"ORDER-ZFPSOTGPAFBIUA","order_amount":"31000"}
{"order_time":"2020-04-23 14:44:07","order_id":"ORDER-VITTKNNMDTTIDW","order_amount":"24000"}
{"order_time":"2020-04-23 14:44:37","order_id":"ORDER-SEVOEXLJQENQRL","order_amount":"42000"}
{"order_time":"2020-04-23 14:45:07","order_id":"ORDER-GJUIMSCSTAQTTS","order_amount":"81000"}
{"order_time":"2020-04-23 14:45:37","order_id":"ORDER-XZFASNMYSOFPIX","order_amount":"32000"}
{"order_time":"2020-04-23 14:46:07","order_id":"ORDER-JNXLBMFZBXDGGX","order_amount":"24000"}
{"order_time":"2020-04-23 14:46:37","order_id":"ORDER-OGTRVZWTTPDPOY","order_amount":"33000"}
