<transaction><order><time>2020-04-23 21:47:57</time><id>ORDER-GMYWDTMICJUESN</id><amount>16000</amount></order></transaction>
<transaction><order><time>2020-04-23 21:48:27</time><id>ORDER-QKYXJNCOJJAIHD</id><amount>52000</amount></order></transaction>
<transaction><order><time>2020-04-23 21:48:57</time><id>ORDER-FAEUCXWFTZCGCA</id><amount>44000</amount></order></transaction>
<transaction><order><time>2020-04-23 21:49:27</time><id>ORDER-XOCMWCZDOIYYTW</id><amount>88000</amount></order></transaction>
<transaction><order><time>2020-04-23 21:49:57</time><id>ORDER-VBLVPUXGHSADWK</id><amount>96000</amount></order></transaction>
<transaction><order><time>2020-04-23 21:50:27</time><id>ORDER-CCNCBYOSVONMMY</id><amount>93000</amount></order></transaction>
<transaction><order><time>2020-04-23 21:50:58</time><id>ORDER-AACPMWIELICCHN</id><amount>24000</amount></order></transaction>
<transaction><order><time>2020-04-23 21:51:28</time><id>ORDER-IUZPZOPVSUVFYY</id><amount>65000</amount></order></transaction>
<transaction><order><time>2020-04-23 21:51:58</time><id>ORDER-FPNQLQTMEBZJOE</id><amount>12000</amount></order></transaction>
<transaction><order><time>2020-04-23 21:52:28</time><id>ORDER-TTVIXIQNCKLNRZ</id><amount>59000</amount></order></transaction>
<transaction><order><time>2020-04-23 21:52:58</time><id>ORDER-ITCJZBJYXCRNJB</id><amount>33000</amount></order></transaction>
<transaction><order><time>2020-04-23 21:53:28</time><id>ORDER-FENBALMSVXDREV</id><amount>92000</amount></order></transaction>
<transaction><order><time>2020-04-23 21:53:58</time><id>ORDER-IJJJWBULLLFVVQ</id><amount>16000</amount></order></transaction>
<transaction><order><time>2020-04-23 21:54:28</time><id>ORDER-IMAVIVJSOVXGIY</id><amount>92000</amount></order></transaction>
<transaction><order><time>2020-04-23 21:54:58</time><id>ORDER-VQTZIJZLIDACIQ</id><amount>65000</amount></order></transaction>
<transaction><order><time>2020-04-23 21:55:28</time><id>ORDER-RNSUKDIBOCBYWK</id><amount>98000</amount></order></transaction>
<transaction><order><time>2020-04-23 21:55:58</time><id>ORDER-DLSLPPNYFKWIXN</id><amount>26000</amount></order></transaction>
<transaction><order><time>2020-04-23 21:56:28</time><id>ORDER-CNNIEJBOUSAIUA</id><amount>38000</amount></order></transaction>
<transaction><order><time>2020-04-23 21:56:58</time><id>ORDER-MVNQCYSLHJGUMK</id><amount>87000</amount></order></transaction>
<transaction><order><time>2020-04-23 21:57:28</time><id>ORDER-KYLBUDVDIUUONR</id><amount>28000</amount></order></transaction>
<transaction><order><time>2020-04-23 21:57:58</time><id>ORDER-GCCBOCPZOPNEWA</id><amount>18000</amount></order></transaction>
<transaction><order><time>2020-04-23 21:58:28</time><id>ORDER-VWYLZXGGUXGFZY</id><amount>49000</amount></order></transaction>
<transaction><order><time>2020-04-23 21:58:58</time><id>ORDER-TCKNZRUUGXSEQS</id><amount>90000</amount></order></transaction>
<transaction><order><time>2020-04-23 21:59:28</time><id>ORDER-XSBISQSFIXLQWE</id><amount>89000</amount></order></transaction>
<transaction><order><time>2020-04-23 21:59:58</time><id>ORDER-IULQEYPHUOMRES</id><amount>14000</amount></order></transaction>
<transaction><order><time>2020-04-23 22:00:28</time><id>ORDER-FFPQAXIRUPBKNR</id><amount>28000</amount></order></transaction>
<transaction><order><time>2020-04-23 22:00:58</time><id>ORDER-PUGILPIWWRTCMI</id><amount>98000</amount></order></transaction>
<transaction><order><time>2020-04-23 22:01:28</time><id>ORDER-HTCEYUFNYVKWDK</id><amount>25000</amount></order></transaction>
<transaction><order><time>2020-04-23 22:01:58</time><id>ORDER-BGNQDLOJBTKOON</id><amount>67000</amount></order></transaction>
<transaction><order><time>2020-04-23 22:02:28</time><id>ORDER-JQPDOOLUYBGLKJ</id><amount>28000</amount></order></transaction>
<transaction><order><time>2020-04-23 22:02:58</time><id>ORDER-BIIPQLVJIZBLJL</id><amount>88000</amount></order></transaction>
<transaction><order><time>2020-04-23 22:03:28</time><id>ORDER-WFOFFQVYZRVTPG</id><amount>17000</amount></order></transaction>
<transaction><order><time>2020-04-23 22:03:58</time><id>ORDER-XJBCTLHISLJGXG</id><amount>96000</amount></order></transaction>
<transaction><order><time>2020-04-23 22:04:28</time><id>ORDER-POSCHPPMQIOKPL</id><amount>33000</amount></order></transaction>
<transaction><order><time>2020-04-23 22:04:58</time><id>ORDER-FORDHJMKIYSAZW</id><amount>59000</amount></order></transaction>
<transaction><order><time>2020-04-23 22:05:28</time><id>ORDER-VUVFAWRMJFIFEF</id><amount>31000</amount></order></transaction>
<transaction><order><time>2020-04-23 22:05:58</time><id>ORDER-YMBNZJRBCSQDKI</id><amount>77000</amount></order></transaction>
<transaction><order><time>2020-04-23 22:06:28</time><id>ORDER-TEJQKGJPHAEPLM</id><amount>31000</amount></order></transaction>
<transaction><order><time>2020-04-23 22:06:58</time><id>ORDER-KRPXOSCYLAZUMV</id><amount>88000</amount></order></transaction>
<transaction><order><time>2020-04-23 22:07:28</time><id>ORDER-VZQPZCKBIUVAMA</id><amount>68000</amount></order></transaction>
<transaction><order><time>2020-04-23 22:07:59</time><id>ORDER-YDTWGOOOCHGPVG</id><amount>51000</amount></order></transaction>
<transaction><order><time>2020-04-23 22:08:29</time><id>ORDER-XVIKESPBXFQBVR</id><amount>92000</amount></order></transaction>
<transaction><order><time>2020-04-23 22:08:59</time><id>ORDER-QBBMZOEETASCIW</id><amount>84000</amount></order></transaction>
<transaction><order><time>2020-04-23 22:09:29</time><id>ORDER-BPYLBLBBEZZYIE</id><amount>19000</amount></order></transaction>
<transaction><order><time>2020-04-23 22:09:59</time><id>ORDER-QWTTQTUFXJCEHQ</id><amount>80000</amount></order></transaction>
<transaction><order><time>2020-04-23 22:10:29</time><id>ORDER-WOZYKYPGYDCFLQ</id><amount>83000</amount></order></transaction>
<transaction><order><time>2020-04-23 22:10:59</time><id>ORDER-DEDTSRWTTJJZMB</id><amount>67000</amount></order></transaction>
<transaction><order><time>2020-04-23 22:11:29</time><id>ORDER-LPWQNIJRVFTRIH</id><amount>85000</amount></order></transaction>
<transaction><order><time>2020-04-23 22:11:59</time><id>ORDER-VIAZXTOQGNPVUU</id><amount>98000</amount></order></transaction>
<transaction><order><time>2020-04-23 22:12:29</time><id>ORDER-VNDWDFCFKRRJFI</id><amount>36000</amount></order></transaction>
<transaction><order><time>2020-04-23 22:12:59</time><id>ORDER-NPLFHCXTZEYCJM</id><amount>73000</amount></order></transaction>
<transaction><order><time>2020-04-23 22:13:29</time><id>ORDER-HRBCDMMUWFDPWK</id><amount>40000</amount></order></transaction>
<transaction><order><time>2020-04-23 22:13:59</time><id>ORDER-BQDLWVHNYBGKYB</id><amount>82000</amount></order></transaction>
<transaction><order><time>2020-04-23 22:14:29</time><id>ORDER-JQJJIVQMRGQDAO</id><amount>61000</amount></order></transaction>
<transaction><order><time>2020-04-23 22:14:59</time><id>ORDER-ZSWQOSIROABVWO</id><amount>36000</amount></order></transaction>
<transaction><order><time>2020-04-23 22:15:29</time><id>ORDER-ZVIFRFKKOAIBHT</id><amount>43000</amount></order></transaction>
<transaction><order><time>2020-04-23 22:15:59</time><id>ORDER-NLLGCBDRDBXBGW</id><amount>36000</amount></order></transaction>
<transaction><order><time>2020-04-23 22:16:29</time><id>ORDER-BFXISSZSKUUGDZ</id><amount>40000</amount></order></transaction>
<transaction><order><time>2020-04-23 22:16:59</time><id>ORDER-SNONBHIVZRGEHL</id><amount>47000</amount></order></transaction>
<transaction><order><time>2020-04-23 22:17:29</time><id>ORDER-BOVMEWGJNGPMEI</id><amount>24000</amount></order></transaction>
<transaction><order><time>2020-04-23 22:17:59</time><id>ORDER-ACMTHNFTAIOFDZ</id><amount>34000</amount></order></transaction>
<transaction><order><time>2020-04-23 22:18:29</time><id>ORDER-MQZODRBDQINDAI</id><amount>88000</amount></order></transaction>
<transaction><order><time>2020-04-23 22:18:59</time><id>ORDER-LIRTQKBGIPMAYK</id><amount>47000</amount></order></transaction>
<transaction><order><time>2020-04-23 22:19:29</time><id>ORDER-XIPDFWDAJJCLZT</id><amount>17000</amount></order></transaction>
<transaction><order><time>2020-04-23 22:19:59</time><id>ORDER-XTJQUUAUNVZQIN</id><amount>18000</amount></order></transaction>
<transaction><order><time>2020-04-23 22:20:29</time><id>ORDER-OJBSVVKPONDCIA</id><amount>12000</amount></order></transaction>
<transaction><order><time>2020-04-23 22:20:59</time><id>ORDER-MBKTOAVIQYZDVD</id><amount>85000</amount></order></transaction>
<transaction><order><time>2020-04-23 22:21:29</time><id>ORDER-NVPBGYBLUIOGGH</id><amount>32000</amount></order></transaction>
<transaction><order><time>2020-04-23 22:21:59</time><id>ORDER-MCWHIAQJNFYXKB</id><amount>42000</amount></order></transaction>
<transaction><order><time>2020-04-23 22:22:29</time><id>ORDER-KUKSJCASGTAYNW</id><amount>50000</amount></order></transaction>
<transaction><order><time>2020-04-23 22:22:59</time><id>ORDER-KJCJLCHHEAXDEM</id><amount>18000</amount></order></transaction>
<transaction><order><time>2020-04-23 22:23:29</time><id>ORDER-BQQRGZSXDIXRXB</id><amount>54000</amount></order></transaction>
<transaction><order><time>2020-04-23 22:23:59</time><id>ORDER-VQZVQFFPSWAWSM</id><amount>79000</amount></order></transaction>
<transaction><order><time>2020-04-23 22:24:29</time><id>ORDER-YYKTEFALWNKJAJ</id><amount>23000</amount></order></transaction>
<transaction><order><time>2020-04-23 22:25:00</time><id>ORDER-AINOMGOYZYQKCO</id><amount>79000</amount></order></transaction>
<transaction><order><time>2020-04-23 22:25:30</time><id>ORDER-XQJTJSYYMFKFPD</id><amount>40000</amount></order></transaction>
<transaction><order><time>2020-04-23 22:26:00</time><id>ORDER-BYSRYPSRLXWTYA</id><amount>83000</amount></order></transaction>
<transaction><order><time>2020-04-23 22:26:30</time><id>ORDER-YZPISAJXLJSHUM</id><amount>47000</amount></order></transaction>
<transaction><order><time>2020-04-23 22:27:00</time><id>ORDER-UWPFQFLHASDRQJ</id><amount>74000</amount></order></transaction>
<transaction><order><time>2020-04-23 22:27:30</time><id>ORDER-DDTBJXBZPAEXLF</id><amount>30000</amount></order></transaction>
<transaction><order><time>2020-04-23 22:28:00</time><id>ORDER-UDNZXHBICWNBCF</id><amount>85000</amount></order></transaction>
<transaction><order><time>2020-04-23 22:28:30</time><id>ORDER-VYPZHVNZZLSVUJ</id><amount>55000</amount></order></transaction>
<transaction><order><time>2020-04-23 22:29:00</time><id>ORDER-OEPJZOMZCGBVDY</id><amount>22000</amount></order></transaction>
<transaction><order><time>2020-04-23 22:29:30</time><id>ORDER-HFNGYODRHANBMB</id><amount>31000</amount></order></transaction>
<transaction><order><time>2020-04-23 22:30:00</time><id>ORDER-TGQFVBSXOTZYJM</id><amount>73000</amount></order></transaction>
<transaction><order><time>2020-04-23 22:30:30</time><id>ORDER-REDUJSMQEEVHWV</id><amount>21000</amount></order></transaction>
<transaction><order><time>2020-04-23 22:31:00</time><id>ORDER-ZHAMGMHDCAECFL</id><amount>52000</amount></order></transaction>
<transaction><order><time>2020-04-23 22:31:30</time><id>ORDER-FESUEPCUCRSQLL</id><amount>53000</amount></order></transaction>
<transaction><order><time>2020-04-23 22:32:00</time><id>ORDER-YBRBGHCPQXKMVV</id><amount>95000</amount></order></transaction>
<transaction><order><time>2020-04-23 22:32:30</time><id>ORDER-IZCETDSLUZLYKR</id><amount>12000</amount></order></transaction>
<transaction><order><time>2020-04-23 22:33:00</time><id>ORDER-GTQXKWYXFPQWNZ</id><amount>33000</amount></order></transaction>
<transaction><order><time>2020-04-23 22:33:30</time><id>ORDER-FNTGHDZYPSKHDM</id><amount>87000</amount></order></transaction>
<transaction><order><time>2020-04-23 22:34:00</time><id>ORDER-GRTHSKENJXUVSP</id><amount>26000</amount></order></transaction>
<transaction><order><time>2020-04-23 22:34:30</time><id>ORDER-PAVEGGGZKRZBSG</id><amount>14000</amount></order></transaction>
<transaction><order><time>2020-04-23 22:35:00</time><id>ORDER-HKTGVSPBXRVAZL</id><amount>64000</amount></order></transaction>
<transaction><order><time>2020-04-23 22:35:30</time><id>ORDER-FTWCIWJHESWCRC</id><amount>37000</amount></order></transaction>
<transaction><order><time>2020-04-23 22:36:00</time><id>ORDER-XAJOOKBQPDIEOR</id><amount>52000</amount></order></transaction>
<transaction><order><time>2020-04-23 22:36:30</time><id>ORDER-IUKCLCUCRNOZZW</id><amount>10000</amount></order></transaction>
<transaction><order><time>2020-04-23 22:37:00</time><id>ORDER-DBRNAYFTYASIXT</id><amount>68000</amount></order></transaction>
<transaction><order><time>2020-04-23 22:37:30</time><id>ORDER-QDJYORXRLOAFLI</id><amount>32000</amount></order></transaction>
<transaction><order><time>2020-04-23 22:38:00</time><id>ORDER-KHRTAFVBVFBRSO</id><amount>90000</amount></order></transaction>
<transaction><order><time>2020-04-23 22:38:30</time><id>ORDER-VEWTEINBNULFCB</id><amount>70000</amount></order></transaction>
<transaction><order><time>2020-04-23 22:39:00</time><id>ORDER-ZPHZQNIVCMMRGS</id><amount>20000</amount></order></transaction>
<transaction><order><time>2020-04-23 22:39:30</time><id>ORDER-XLYSCOGOQPCFOG</id><amount>54000</amount></order></transaction>
<transaction><order><time>2020-04-23 22:40:00</time><id>ORDER-MFLFHBEFTLZCKQ</id><amount>69000</amount></order></transaction>
<transaction><order><time>2020-04-23 22:40:30</time><id>ORDER-WWUIWGCEZYLMBX</id><amount>65000</amount></order></transaction>
<transaction><order><time>2020-04-23 22:41:00</time><id>ORDER-CKNLNPDPMEHESS</id><amount>19000</amount></order></transaction>
<transaction><order><time>2020-04-23 22:41:30</time><id>ORDER-HUZAQTEWFIUMJB</id><amount>12000</amount></order></transaction>
<transaction><order><time>2020-04-23 22:42:00</time><id>ORDER-XBJCDQSMJBFDKC</id><amount>47000</amount></order></transaction>
<transaction><order><time>2020-04-23 22:42:31</time><id>ORDER-DUUJYZMCOHDVLR</id><amount>61000</amount></order></transaction>
<transaction><order><time>2020-04-23 22:43:01</time><id>ORDER-ORHWRFRCXXXOMP</id><amount>62000</amount></order></transaction>
<transaction><order><time>2020-04-23 22:43:31</time><id>ORDER-GIQVSPUOMRNQWQ</id><amount>47000</amount></order></transaction>
<transaction><order><time>2020-04-23 22:44:01</time><id>ORDER-ZJORHULFSCJVJK</id><amount>58000</amount></order></transaction>
<transaction><order><time>2020-04-23 22:44:31</time><id>ORDER-SGIBTTLRAWBZKC</id><amount>80000</amount></order></transaction>
<transaction><order><time>2020-04-23 22:45:01</time><id>ORDER-XLHPCEBBXWATQB</id><amount>77000</amount></order></transaction>
<transaction><order><time>2020-04-23 22:45:31</time><id>ORDER-NKTNKFRVNWDQLR</id><amount>31000</amount></order></transaction>
<transaction><order><time>2020-04-23 22:46:01</time><id>ORDER-YYZFOBCRNSHGUY</id><amount>88000</amount></order></transaction>
<transaction><order><time>2020-04-23 22:46:31</time><id>ORDER-EXEWAWQWGMYVFU</id><amount>75000</amount></order></transaction>
<transaction><order><time>2020-04-23 22:47:01</time><id>ORDER-KCQASRGCYYFWCJ</id><amount>37000</amount></order></transaction>
<transaction><order><time>2020-04-23 22:47:31</time><id>ORDER-XFTPNQMRKERTOX</id><amount>88000</amount></order></transaction>
<transaction><order><time>2020-04-23 22:48:01</time><id>ORDER-ADYJWVDSHCPOLK</id><amount>39000</amount></order></transaction>
<transaction><order><time>2020-04-23 22:48:31</time><id>ORDER-EPXRSJMEJHLQIL</id><amount>54000</amount></order></transaction>
<transaction><order><time>2020-04-23 22:49:01</time><id>ORDER-LFQTPSUBXVKQTT</id><amount>93000</amount></order></transaction>
<transaction><order><time>2020-04-23 22:49:31</time><id>ORDER-STVBKPVYIPSVHS</id><amount>79000</amount></order></transaction>
<transaction><order><time>2020-04-23 22:50:01</time><id>ORDER-TOUCKYGUOWLBWN</id><amount>56000</amount></order></transaction>
<transaction><order><time>2020-04-23 22:50:31</time><id>ORDER-AFFDSDLVMTYIOS</id><amount>88000</amount></order></transaction>
<transaction><order><time>2020-04-23 22:51:01</time><id>ORDER-NNJUERDNDKAWND</id><amount>91000</amount></order></transaction>
<transaction><order><time>2020-04-23 22:51:31</time><id>ORDER-DXQOUSZUCGLYFQ</id><amount>39000</amount></order></transaction>
<transaction><order><time>2020-04-23 22:52:01</time><id>ORDER-FYEZXHYVYSYMTZ</id><amount>73000</amount></order></transaction>
<transaction><order><time>2020-04-23 22:52:31</time><id>ORDER-QXFMAKXJITSXYE</id><amount>90000</amount></order></transaction>
<transaction><order><time>2020-04-23 22:53:01</time><id>ORDER-RSUWLGXEWSLFWL</id><amount>52000</amount></order></transaction>
<transaction><order><time>2020-04-23 22:53:31</time><id>ORDER-VOCPZDIJTVVRVP</id><amount>93000</amount></order></transaction>
<transaction><order><time>2020-04-23 22:54:01</time><id>ORDER-IXGZTMBNVJMRGP</id><amount>80000</amount></order></transaction>
<transaction><order><time>2020-04-23 22:54:31</time><id>ORDER-ESIHQXZKMYUFUL</id><amount>97000</amount></order></transaction>
<transaction><order><time>2020-04-23 22:55:01</time><id>ORDER-FXROCDULYELHML</id><amount>92000</amount></order></transaction>
<transaction><order><time>2020-04-23 22:55:31</time><id>ORDER-AVDKHTLIRROSUP</id><amount>28000</amount></order></transaction>
<transaction><order><time>2020-04-23 22:56:01</time><id>ORDER-LEXJXXEQCHRLQB</id><amount>85000</amount></order></transaction>
<transaction><order><time>2020-04-23 22:56:31</time><id>ORDER-XOSQVTNEVXWNFX</id><amount>54000</amount></order></transaction>
<transaction><order><time>2020-04-23 22:57:01</time><id>ORDER-RUNVNBRDCCRIEX</id><amount>44000</amount></order></transaction>
<transaction><order><time>2020-04-23 22:57:31</time><id>ORDER-HLSCBMAUITIYZE</id><amount>10000</amount></order></transaction>
<transaction><order><time>2020-04-23 22:58:01</time><id>ORDER-AXJOBDIPBDWTHN</id><amount>21000</amount></order></transaction>
<transaction><order><time>2020-04-23 22:58:31</time><id>ORDER-LHYLLPVKAFPEUZ</id><amount>67000</amount></order></transaction>
<transaction><order><time>2020-04-23 22:59:01</time><id>ORDER-JUQJBUWRWTPQTL</id><amount>52000</amount></order></transaction>
<transaction><order><time>2020-04-23 22:59:31</time><id>ORDER-NNPGVGSJXAMEKC</id><amount>89000</amount></order></transaction>
<transaction><order><time>2020-04-23 23:00:02</time><id>ORDER-RWJGDMYHDPCOSP</id><amount>54000</amount></order></transaction>
<transaction><order><time>2020-04-23 23:00:32</time><id>ORDER-KTRITNLMSHWEFG</id><amount>64000</amount></order></transaction>
<transaction><order><time>2020-04-23 23:01:02</time><id>ORDER-JJSRCEYLHZODCH</id><amount>11000</amount></order></transaction>
<transaction><order><time>2020-04-23 23:01:32</time><id>ORDER-RIXTGBKBJRAGOB</id><amount>27000</amount></order></transaction>
<transaction><order><time>2020-04-23 23:02:02</time><id>ORDER-ACRPCMHCWSQVZA</id><amount>58000</amount></order></transaction>
<transaction><order><time>2020-04-23 23:02:32</time><id>ORDER-HVBJTITTVJTCEK</id><amount>69000</amount></order></transaction>
<transaction><order><time>2020-04-23 23:03:02</time><id>ORDER-KJBLAHCBDZVIQP</id><amount>48000</amount></order></transaction>
