
2020-04-13 20:39:48 - SIMPLEAPPS ORDER-NNZWQAIAGQCVJM 15
2020-04-13 20:40:18 - SIMPLEAPPS ORDER-YTHWQVIKHZUSFE 46
2020-04-13 20:40:48 - SIMPLEAPPS ORDER-JWTDMRKLONUDNT 54
2020-04-13 20:41:18 - SIMPLEAPPS ORDER-JKDSUVPFLUTPZW 67
2020-04-13 20:41:48 - SIMPLEAPPS ORDER-KELOFMZANMSBNI 87
2020-04-13 20:42:18 - SIMPLEAPPS ORDER-IEQMWIFUYLEXLU 84
2020-04-13 20:42:48 - SIMPLEAPPS ORDER-VUMXXHOMGVLBJE 76
2020-04-13 20:43:18 - SIMPLEAPPS ORDER-AFMUNVARRMMIUS 23
2020-04-13 20:43:48 - SIMPLEAPPS ORDER-UOEGOEOERUBBMR 74
2020-04-13 20:44:18 - SIMPLEAPPS ORDER-FFNQFFDQTTSDUM 23
2020-04-13 20:44:48 - SIMPLEAPPS ORDER-NUBQFLXATXFEMM 46
2020-04-13 20:45:18 - SIMPLEAPPS ORDER-ILLALEKHMQAJJA 24
2020-04-13 20:45:48 - SIMPLEAPPS ORDER-OJDQXTMWZIILEI 43
2020-04-13 20:46:18 - SIMPLEAPPS ORDER-PNYZVYOKJLNIHD 52
2020-04-13 20:46:48 - SIMPLEAPPS ORDER-FCPQXXPAURMJAE 88
2020-04-13 20:47:18 - SIMPLEAPPS ORDER-IFYGFUDUSLJQTG 51
2020-04-13 20:47:48 - SIMPLEAPPS ORDER-AWSEYCEVNFGHSO 70
2020-04-13 20:48:18 - SIMPLEAPPS ORDER-ISGHOCNFDGJSXE 48
2020-04-13 20:48:48 - SIMPLEAPPS ORDER-RBKKULTCWPNSZC 10
2020-04-13 20:49:18 - SIMPLEAPPS ORDER-QKMCVBMITTPFBD 70
2020-04-13 20:49:48 - SIMPLEAPPS ORDER-PGNFMUQJAOBWIP 12
2020-04-13 20:50:18 - SIMPLEAPPS ORDER-WWZBWVQAJNWCGL 89
2020-04-13 20:50:48 - SIMPLEAPPS ORDER-LSKGMPHAZHPJKE 64
2020-04-13 20:51:18 - SIMPLEAPPS ORDER-RFGHZMORVVAIWU 97
2020-04-13 20:51:48 - SIMPLEAPPS ORDER-LKEPOTIGJFUNFT 46
2020-04-13 20:52:18 - SIMPLEAPPS ORDER-OMAETRDAWGZLMR 96
2020-04-13 20:52:48 - SIMPLEAPPS ORDER-ELJGHTWTUZJVZS 40
2020-04-13 20:53:18 - SIMPLEAPPS ORDER-GTKMOTPYLNRCFP 83
2020-04-13 20:53:48 - SIMPLEAPPS ORDER-NYYUQXTWCCAOVP 35
2020-04-13 20:54:18 - SIMPLEAPPS ORDER-NYQGLEDMOJPGSK 20
2020-04-13 20:54:48 - SIMPLEAPPS ORDER-LSLBBHIDKQZUES 51
2020-04-13 20:55:18 - SIMPLEAPPS ORDER-OUIVKISEVWUXBS 93
2020-04-13 20:55:48 - SIMPLEAPPS ORDER-GQIABLBGDPWYJS 73
2020-04-13 20:56:18 - SIMPLEAPPS ORDER-JABTMYPKQJUTVK 29
2020-04-13 20:56:48 - SIMPLEAPPS ORDER-KFPQQQFSRXVXWB 62
2020-04-13 20:57:18 - SIMPLEAPPS ORDER-LSYOLMLNZOTJJX 50
2020-04-13 20:57:48 - SIMPLEAPPS ORDER-SBHZDCOTKALKWZ 23
2020-04-13 20:58:18 - SIMPLEAPPS ORDER-JMEVISJSZTOIGR 61
2020-04-13 20:58:48 - SIMPLEAPPS ORDER-NYZMNJHXCXOAKT 68
2020-04-13 20:59:18 - SIMPLEAPPS ORDER-QHANOFHJAPJBFH 74
2020-04-13 20:59:48 - SIMPLEAPPS ORDER-PWLKNXCBGZFLQT 44
2020-04-13 21:00:18 - SIMPLEAPPS ORDER-JKQVYJYZSAVGYP 29
2020-04-13 21:00:48 - SIMPLEAPPS ORDER-BCIQHWRTKCPVAY 46
2020-04-13 21:01:18 - SIMPLEAPPS ORDER-IJPUGCNFSLIIKO 53
2020-04-13 21:01:48 - SIMPLEAPPS ORDER-UVDFHPUQMBLNZF 96
2020-04-13 21:02:18 - SIMPLEAPPS ORDER-JWGTSLAOUKLNMG 48
2020-04-13 21:02:49 - SIMPLEAPPS ORDER-MMGQDYFHMMVNUU 50
2020-04-13 21:03:19 - SIMPLEAPPS ORDER-YMKLUTHHAGYKZX 16
2020-04-13 21:03:49 - SIMPLEAPPS ORDER-LGMFLUGSTFJDSZ 97
2020-04-13 21:04:19 - SIMPLEAPPS ORDER-SQVZCCYMVZPNZA 24
2020-04-13 21:04:49 - SIMPLEAPPS ORDER-IJRDSZMNQYJBUE 85
2020-04-13 21:05:19 - SIMPLEAPPS ORDER-CDJQGVKMCPNFOQ 87
2020-04-13 21:05:49 - SIMPLEAPPS ORDER-EUJPYYAYEOJQKW 92
2020-04-13 21:06:19 - SIMPLEAPPS ORDER-KRCSOOQVYGTKMW 68
2020-04-13 21:06:49 - SIMPLEAPPS ORDER-CVUTZIHRWFTJAG 33
2020-04-13 21:07:19 - SIMPLEAPPS ORDER-EXKBWKNDKLXGZS 61
2020-04-13 21:07:49 - SIMPLEAPPS ORDER-QBFOUAYJUFHFYS 33
2020-04-13 21:08:19 - SIMPLEAPPS ORDER-QDFJGRSYCDWFXW 84
2020-04-13 21:08:49 - SIMPLEAPPS ORDER-NORZZJHVBMHUND 46
2020-04-13 21:09:19 - SIMPLEAPPS ORDER-XBPMYTCYYWBRGK 11
2020-04-13 21:09:49 - SIMPLEAPPS ORDER-CSZESWCUYCJQPN 77
2020-04-13 21:10:19 - SIMPLEAPPS ORDER-WEHWQFVXOMZITO 75
2020-04-13 21:10:49 - SIMPLEAPPS ORDER-WJWJERICBGQBWE 18
2020-04-13 21:11:19 - SIMPLEAPPS ORDER-POXADUCNPEQDJX 98
2020-04-13 21:11:49 - SIMPLEAPPS ORDER-VBGYDMWSALKLES 49
2020-04-13 21:12:19 - SIMPLEAPPS ORDER-NCKKCTRYOGCPLL 35
2020-04-13 21:12:49 - SIMPLEAPPS ORDER-HAVSCMSHELPPLW 92
2020-04-13 21:13:19 - SIMPLEAPPS ORDER-WLJBNWZZRAIYGQ 82
2020-04-13 21:13:49 - SIMPLEAPPS ORDER-NEQUSHFBPWLUVA 59
2020-04-13 21:14:19 - SIMPLEAPPS ORDER-UOCEBQOQBWKRGO 78
2020-04-13 21:14:49 - SIMPLEAPPS ORDER-FCDZEAAFTUJPJC 36
2020-04-13 21:15:19 - SIMPLEAPPS ORDER-MJMEJVCKZPNWOQ 48
2020-04-13 21:15:49 - SIMPLEAPPS ORDER-EBYCWSGWMOFTLL 18
2020-04-13 21:16:19 - SIMPLEAPPS ORDER-DTROMAZNMOZUVG 40
2020-04-13 21:16:49 - SIMPLEAPPS ORDER-UZSFYTUMRWTWHR 12
2020-04-13 21:17:19 - SIMPLEAPPS ORDER-DULJERSQMVSHJC 97
2020-04-13 21:17:49 - SIMPLEAPPS ORDER-NTKEPWEBUBLLHT 77
2020-04-13 21:18:19 - SIMPLEAPPS ORDER-ZICKWZOWAJHUVX 41
2020-04-13 21:18:49 - SIMPLEAPPS ORDER-DTDJLFQZUYIIBO 51
2020-04-13 21:19:19 - SIMPLEAPPS ORDER-PCSCJKJODCZXCA 37
2020-04-13 21:19:49 - SIMPLEAPPS ORDER-IEZSFXABAYGVEV 12
2020-04-13 21:20:19 - SIMPLEAPPS ORDER-UMEHDNVROFLRJS 18
2020-04-13 21:20:49 - SIMPLEAPPS ORDER-BLGGQTRZHBKZNT 93
2020-04-13 21:21:19 - SIMPLEAPPS ORDER-OHOBDUOYZWKIPJ 40
2020-04-13 21:21:49 - SIMPLEAPPS ORDER-MBTGHGULQEORVX 40
2020-04-13 21:22:19 - SIMPLEAPPS ORDER-IDMHZSRZKBNMFP 69
2020-04-13 21:22:50 - SIMPLEAPPS ORDER-FITDTNSXBKUFTU 40
2020-04-13 21:23:20 - SIMPLEAPPS ORDER-BQHFOAZJRCGPWR 50
2020-04-13 21:23:50 - SIMPLEAPPS ORDER-NFFRKOWEMQNSVH 42
2020-04-13 21:24:20 - SIMPLEAPPS ORDER-ZEKFQGLPGLRPBL 48
2020-04-13 21:24:50 - SIMPLEAPPS ORDER-CXYKWUNODHGSGX 56
2020-04-13 21:25:20 - SIMPLEAPPS ORDER-ZXEDUMOHFXTAGV 51
2020-04-13 21:25:50 - SIMPLEAPPS ORDER-FBQUTSZXASNWPH 87
2020-04-13 21:26:20 - SIMPLEAPPS ORDER-XGJUSAFKAIKVHD 46
2020-04-13 21:26:50 - SIMPLEAPPS ORDER-XNLBTEFTSSXOMT 56
2020-04-13 21:27:20 - SIMPLEAPPS ORDER-FSWXPJCGTHWFLQ 47
2020-04-13 21:27:50 - SIMPLEAPPS ORDER-JGJBODRPGJIQFO 44
2020-04-13 21:28:20 - SIMPLEAPPS ORDER-CFZBPUJVCYAYOG 14
2020-04-13 21:28:50 - SIMPLEAPPS ORDER-QNHRFWNCVHPVMB 95
2020-04-13 21:29:20 - SIMPLEAPPS ORDER-LXKHKSVETBPDVN 12
2020-04-13 21:29:50 - SIMPLEAPPS ORDER-XNFRUAYPJAZHSI 40
2020-04-13 21:30:20 - SIMPLEAPPS ORDER-PSTOUSOMBZWNSW 55
2020-04-13 21:30:50 - SIMPLEAPPS ORDER-MPPNYPUNUMNFDN 12
2020-04-13 21:31:20 - SIMPLEAPPS ORDER-LKYMORMGXRRQAY 62
2020-04-13 21:31:50 - SIMPLEAPPS ORDER-CJXEJFNPVKIIYQ 37
2020-04-13 21:32:20 - SIMPLEAPPS ORDER-BVKJTTWKQMXAQE 44
2020-04-13 21:32:50 - SIMPLEAPPS ORDER-KPODFHLRNRPXVC 44
2020-04-13 21:33:20 - SIMPLEAPPS ORDER-MJACMCHQMVPAWG 46
2020-04-13 21:33:50 - SIMPLEAPPS ORDER-WZJLMPRMXPGRPX 63
2020-04-13 21:34:20 - SIMPLEAPPS ORDER-GDYDJAKMNTXIHS 55
2020-04-13 21:34:50 - SIMPLEAPPS ORDER-XCCVTBSNMWPUPM 43
2020-04-13 21:35:20 - SIMPLEAPPS ORDER-QVVFLSRNWPHAUL 94
2020-04-13 21:35:50 - SIMPLEAPPS ORDER-DMHVTVBLQWLPGU 94
2020-04-13 21:36:20 - SIMPLEAPPS ORDER-CDGRPAZOWNWONL 41
2020-04-13 21:36:50 - SIMPLEAPPS ORDER-SIJDTXKFKKZAZQ 73
2020-04-13 21:37:20 - SIMPLEAPPS ORDER-PWXQYQVLPONRPU 34
2020-04-13 21:37:50 - SIMPLEAPPS ORDER-HIAAIJBZSHPSQZ 35
2020-04-13 21:38:20 - SIMPLEAPPS ORDER-IOLTQDQYNIXJRM 70
2020-04-13 21:38:50 - SIMPLEAPPS ORDER-UVMOHBUJDUBSBJ 24
2020-04-13 21:39:20 - SIMPLEAPPS ORDER-NUWVZBTRWRNQPJ 84
2020-04-13 21:39:50 - SIMPLEAPPS ORDER-RTDNRWOEOUOHNG 17
2020-04-13 21:40:20 - SIMPLEAPPS ORDER-IVHKGPMBWADTNM 57
2020-04-13 21:40:51 - SIMPLEAPPS ORDER-UPWVQHKHYFSHXW 71
2020-04-13 21:41:21 - SIMPLEAPPS ORDER-XUTRYVNASCGIPM 81
2020-04-13 21:41:51 - SIMPLEAPPS ORDER-TDQCUBZGUWPKKM 14
2020-04-13 21:42:21 - SIMPLEAPPS ORDER-KBTQWGXJRLQEVT 62
2020-04-13 21:42:51 - SIMPLEAPPS ORDER-WIHRBIOEHEWZHB 29
2020-04-13 21:43:21 - SIMPLEAPPS ORDER-AXLYLKQGUROZMZ 74
2020-04-13 21:43:51 - SIMPLEAPPS ORDER-RZFPEFCFYQPLXY 70
2020-04-13 21:44:21 - SIMPLEAPPS ORDER-NVHAZPWIQCDCBI 65
2020-04-13 21:44:51 - SIMPLEAPPS ORDER-JXAYDYCRUJUEAI 30
2020-04-13 21:45:21 - SIMPLEAPPS ORDER-FHCMLCISWOCOCQ 72
2020-04-13 21:45:51 - SIMPLEAPPS ORDER-LPOZQPMFUGOHQO 64
2020-04-13 21:46:21 - SIMPLEAPPS ORDER-YMHMACOKJLFFNI 33
2020-04-13 21:46:51 - SIMPLEAPPS ORDER-JGMZODIBUYIEQB 59
2020-04-13 21:47:21 - SIMPLEAPPS ORDER-IPNDVPMTEMSIUT 75
2020-04-13 21:47:51 - SIMPLEAPPS ORDER-DHWZXJUKGKPPOV 46
2020-04-13 21:48:21 - SIMPLEAPPS ORDER-EKIVWNIEQGRTBM 26
2020-04-13 21:48:51 - SIMPLEAPPS ORDER-PGMPMVFAYKOIUE 38
2020-04-13 21:49:21 - SIMPLEAPPS ORDER-QAGBPGGFDKOBZS 65
2020-04-13 21:49:51 - SIMPLEAPPS ORDER-IMJVDVTLLTXYOV 36
2020-04-13 21:50:21 - SIMPLEAPPS ORDER-WNUIVSYFWTYRZE 68
2020-04-13 21:50:51 - SIMPLEAPPS ORDER-XSOBIQFOTLBASV 16
2020-04-13 21:51:21 - SIMPLEAPPS ORDER-STQSBQWAESFMSY 80
2020-04-13 21:51:51 - SIMPLEAPPS ORDER-GNFOIMEVHHQOSB 13
2020-04-13 21:52:21 - SIMPLEAPPS ORDER-BLKMVIWXFTEILS 26
2020-04-13 21:52:51 - SIMPLEAPPS ORDER-NSTKISMSPSOJRC 39
2020-04-13 21:53:21 - SIMPLEAPPS ORDER-QZNKSOEMVUMIWZ 87
2020-04-13 21:53:51 - SIMPLEAPPS ORDER-AOUJNFTNHSFDTI 51
2020-04-13 21:54:21 - SIMPLEAPPS ORDER-OVOUGUTBFGWLUQ 64
2020-04-13 21:54:51 - SIMPLEAPPS ORDER-CCRJBRGMCMJKDH 96
2020-04-13 21:55:21 - SIMPLEAPPS ORDER-QOUINRGFGDHSCM 26
2020-04-13 21:55:51 - SIMPLEAPPS ORDER-DIDORSUJHEFRYP 71
2020-04-13 21:56:21 - SIMPLEAPPS ORDER-JDSOJZCDVPJXTS 74
2020-04-13 21:56:51 - SIMPLEAPPS ORDER-LARWTCXBCHQIQM 74
2020-04-13 21:57:21 - SIMPLEAPPS ORDER-TKHUFSIOWETYPR 43
2020-04-13 21:57:51 - SIMPLEAPPS ORDER-WVFKPXAGHIBNSI 38
2020-04-13 21:58:21 - SIMPLEAPPS ORDER-PQQPPVKSKIHHKS 28
2020-04-13 21:58:52 - SIMPLEAPPS ORDER-BZDFSXWQLUJTTW 12
2020-04-13 21:59:22 - SIMPLEAPPS ORDER-ONZJHBJSZXGTLQ 82
2020-04-13 21:59:52 - SIMPLEAPPS ORDER-YZZNAZGAXMARIF 27
2020-04-13 22:00:22 - SIMPLEAPPS ORDER-QPTUUFJINLEOXZ 96
2020-04-13 22:00:52 - SIMPLEAPPS ORDER-NRKNPIEMAUCDJR 17
2020-04-13 22:01:22 - SIMPLEAPPS ORDER-FTXXBHLGLCFSFO 96
2020-04-13 22:01:52 - SIMPLEAPPS ORDER-GSHPXAGYLPJLLE 77
2020-04-13 22:02:22 - SIMPLEAPPS ORDER-UIONBOGZVPPOTC 78
2020-04-13 22:02:52 - SIMPLEAPPS ORDER-AJVXEXNVTHTQSM 77
2020-04-13 22:03:22 - SIMPLEAPPS ORDER-DNCFJMZARMRNLP 40
2020-04-13 22:03:52 - SIMPLEAPPS ORDER-VGKHHWQDLKFJBF 11
2020-04-13 22:04:22 - SIMPLEAPPS ORDER-WKZTIMGHCTEYGO 62
2020-04-13 22:04:52 - SIMPLEAPPS ORDER-BZJBRGKBJALGQU 59
2020-04-13 22:05:22 - SIMPLEAPPS ORDER-ESVLLVWBQNTYKS 25
2020-04-13 22:05:52 - SIMPLEAPPS ORDER-LHLIGIWDGBOVJN 73
2020-04-13 22:06:22 - SIMPLEAPPS ORDER-DUOSPUALQSMAKJ 36
2020-04-13 22:06:52 - SIMPLEAPPS ORDER-WRIBFKQGTLREKX 56
2020-04-13 22:07:22 - SIMPLEAPPS ORDER-ZCVKFYZIZYFCBI 12
2020-04-13 22:07:52 - SIMPLEAPPS ORDER-IFLOHOJPIGUODM 74
2020-04-13 22:08:22 - SIMPLEAPPS ORDER-JCBJVSZWKLSQCX 36
2020-04-13 22:08:52 - SIMPLEAPPS ORDER-BTIXZSWDJAPFBE 54
2020-04-13 22:09:22 - SIMPLEAPPS ORDER-DAEFLVUPQGCWQL 40
2020-04-13 22:09:52 - SIMPLEAPPS ORDER-SDJJYUGIBLSWWF 22
2020-04-13 22:10:22 - SIMPLEAPPS ORDER-LUFPFIMDXUTSFV 27
2020-04-13 22:10:52 - SIMPLEAPPS ORDER-REIQBXKBWESVMT 23
2020-04-13 22:11:22 - SIMPLEAPPS ORDER-ORELXDVJIEMLNF 55
2020-04-13 22:11:52 - SIMPLEAPPS ORDER-MUPEFBXROBVCME 19
2020-04-13 22:12:22 - SIMPLEAPPS ORDER-NGVLJWHQWDBJFM 63
2020-04-13 22:12:52 - SIMPLEAPPS ORDER-DUCCCJYIUDWUNA 58
2020-04-13 22:13:22 - SIMPLEAPPS ORDER-KSJLYEMGRESCJF 34
2020-04-13 22:13:52 - SIMPLEAPPS ORDER-BDPONMLXXWAWBC 40
2020-04-13 22:14:22 - SIMPLEAPPS ORDER-EEVDNLGIFJVTMA 40
2020-04-13 22:14:52 - SIMPLEAPPS ORDER-UEWGYXBBQXTKBV 15
2020-04-13 22:15:22 - SIMPLEAPPS ORDER-HWOELUWHERCETX 73
2020-04-13 22:15:52 - SIMPLEAPPS ORDER-AKLYFDIPEAEZPE 34
2020-04-13 22:16:22 - SIMPLEAPPS ORDER-QPWAPAMJHLFLKP 18
2020-04-13 22:16:53 - SIMPLEAPPS ORDER-FOUCSVXRKIWHHI 10
2020-04-13 22:17:23 - SIMPLEAPPS ORDER-JPIJXZDXMLYROG 76
2020-04-13 22:17:53 - SIMPLEAPPS ORDER-DAFOGCZNXETUME 10
2020-04-13 22:18:23 - SIMPLEAPPS ORDER-NJICKOZFFQNLRR 48
2020-04-13 22:18:53 - SIMPLEAPPS ORDER-UZKNOCJNPVJLGZ 73
2020-04-13 22:19:23 - SIMPLEAPPS ORDER-MMMPRUGTRBICTI 60
2020-04-13 22:19:53 - SIMPLEAPPS ORDER-MVWMRKKMUMINDH 64
2020-04-13 22:20:23 - SIMPLEAPPS ORDER-DOYSUAKSLTXNEJ 24
2020-04-13 22:20:53 - SIMPLEAPPS ORDER-QAEOMWTYCCBFTB 21
2020-04-13 22:21:23 - SIMPLEAPPS ORDER-GURCDOBDPDGGXO 14
2020-04-13 22:21:53 - SIMPLEAPPS ORDER-QMQJQGNYGPEYYG 66
2020-04-13 22:22:23 - SIMPLEAPPS ORDER-AWSZJTLDVGWXOE 87
2020-04-13 22:22:53 - SIMPLEAPPS ORDER-QKPFFAMCWGLNOV 55
2020-04-13 22:23:23 - SIMPLEAPPS ORDER-HGDFFIZOKVWMKK 26
2020-04-13 22:23:53 - SIMPLEAPPS ORDER-GZDYXZYRQUPHPE 82
2020-04-13 22:24:23 - SIMPLEAPPS ORDER-DYTYIWTRJFMCDW 16
2020-04-13 22:24:53 - SIMPLEAPPS ORDER-UJRVBMJXUFDNIL 79
2020-04-13 22:25:23 - SIMPLEAPPS ORDER-XIJWEVAQCFIMES 60
2020-04-13 22:25:53 - SIMPLEAPPS ORDER-CRWEHXVBEGKREA 85
2020-04-13 22:26:23 - SIMPLEAPPS ORDER-PGDPYOJAIAPKYI 14
2020-04-13 22:26:53 - SIMPLEAPPS ORDER-UJMPPCGTAJASTZ 91
2020-04-13 22:27:23 - SIMPLEAPPS ORDER-YBMWFLZZXLYRPV 81
2020-04-13 22:27:53 - SIMPLEAPPS ORDER-IVLGEVDVVUXHHM 83
2020-04-13 22:28:23 - SIMPLEAPPS ORDER-GCPNSGEVXNOOSE 34
2020-04-13 22:28:53 - SIMPLEAPPS ORDER-YMTYQYVJCRWGOZ 97
2020-04-13 22:29:23 - SIMPLEAPPS ORDER-XLLPCDPOTYDGUY 64
2020-04-13 22:29:53 - SIMPLEAPPS ORDER-XADBJFRVIYILBT 14
2020-04-13 22:30:23 - SIMPLEAPPS ORDER-RDPGICXHEMLXGB 64
2020-04-13 22:30:53 - SIMPLEAPPS ORDER-HOVOGCXHCXWVDC 70
2020-04-13 22:31:23 - SIMPLEAPPS ORDER-GOIINRLZIEVPOD 67
2020-04-13 22:31:53 - SIMPLEAPPS ORDER-TFSDAZCPXDQURJ 42
2020-04-13 22:32:23 - SIMPLEAPPS ORDER-BGGGXUUJAJQJPY 12
2020-04-13 22:32:53 - SIMPLEAPPS ORDER-NWRTEJYUTLOSXM 22
2020-04-13 22:33:23 - SIMPLEAPPS ORDER-UTZUOEKXYFLSBZ 41
2020-04-13 22:33:53 - SIMPLEAPPS ORDER-BWOIFGNUYQJFSD 41
2020-04-13 22:34:23 - SIMPLEAPPS ORDER-MCKJLLDUWOGDXN 14
2020-04-13 22:34:54 - SIMPLEAPPS ORDER-ADUUCLGMEONCON 65
2020-04-13 22:35:24 - SIMPLEAPPS ORDER-XKZWXGXXVQHWDC 68
2020-04-13 22:35:54 - SIMPLEAPPS ORDER-VIYUFWJDWQTGLG 44
2020-04-13 22:36:24 - SIMPLEAPPS ORDER-HYREYCZJZIEDCH 82
2020-04-13 22:36:54 - SIMPLEAPPS ORDER-HLDWACZZYXVJLA 37
2020-04-13 22:37:24 - SIMPLEAPPS ORDER-KRXSOGGAAWDJQS 69
2020-04-13 22:37:54 - SIMPLEAPPS ORDER-UIWGQHRTVGHFNE 81
2020-04-13 22:38:24 - SIMPLEAPPS ORDER-HRTCRULAZFTEOS 19
2020-04-13 22:38:54 - SIMPLEAPPS ORDER-IZGKVJYRWCOUYA 90
2020-04-13 22:39:24 - SIMPLEAPPS ORDER-KTKPOOJGJDAFSO 17
2020-04-13 22:39:54 - SIMPLEAPPS ORDER-AAGPFWUWGNTCRL 76
2020-04-13 22:40:24 - SIMPLEAPPS ORDER-IXFCOXSEJEDRKU 98
2020-04-13 22:40:54 - SIMPLEAPPS ORDER-UPJWSSLNFWZRJO 50
2020-04-13 22:41:24 - SIMPLEAPPS ORDER-SVNUEOOYFASGVM 57
2020-04-13 22:41:54 - SIMPLEAPPS ORDER-WLXKIBVGNCJKFO 35
2020-04-13 22:42:24 - SIMPLEAPPS ORDER-RSXXJVJOFIVOFH 40
2020-04-13 22:42:54 - SIMPLEAPPS ORDER-SZPKLJAZURPEUL 10
2020-04-13 22:43:24 - SIMPLEAPPS ORDER-BVKWCCJWAKRSBI 96
2020-04-13 22:43:54 - SIMPLEAPPS ORDER-DTFTHEUIINMVRS 28
2020-04-13 22:44:24 - SIMPLEAPPS ORDER-GXGAHXUXWUUSQN 49
2020-04-13 22:44:54 - SIMPLEAPPS ORDER-BYRWOUIMXZUNPT 27
2020-04-13 22:45:24 - SIMPLEAPPS ORDER-ECPSGEXDBEYSBF 61
2020-04-13 22:45:54 - SIMPLEAPPS ORDER-RKCHHOSDNUQZBV 10
2020-04-13 22:46:24 - SIMPLEAPPS ORDER-RHZVGVZBEBAPDY 33
2020-04-13 22:46:54 - SIMPLEAPPS ORDER-EBZFCYKHUGTQPI 15
2020-04-13 22:47:24 - SIMPLEAPPS ORDER-HCAKNREWYVWEFZ 18
2020-04-13 22:47:54 - SIMPLEAPPS ORDER-FFVHXYQMHRXMBW 69
2020-04-13 22:48:24 - SIMPLEAPPS ORDER-LAPHCSWHHLXHCD 85
2020-04-13 22:48:54 - SIMPLEAPPS ORDER-LNYTXKVEFYBTQG 77
2020-04-13 22:49:24 - SIMPLEAPPS ORDER-ZWATYTTDKZBVKP 84
2020-04-13 22:49:54 - SIMPLEAPPS ORDER-UXEZYUCKVWDQFA 84
2020-04-13 22:50:24 - SIMPLEAPPS ORDER-JYOMUYGNQMWUCH 70
2020-04-13 22:50:54 - SIMPLEAPPS ORDER-FQCAYSYAIPFXVA 29
2020-04-13 22:51:24 - SIMPLEAPPS ORDER-STPQXAVCQMKKRJ 87
2020-04-13 22:51:54 - SIMPLEAPPS ORDER-YSGVLUBURVNVEW 95
2020-04-13 22:52:24 - SIMPLEAPPS ORDER-ZLSKMJKDTHBDPC 79
2020-04-13 22:52:55 - SIMPLEAPPS ORDER-OSVFSVZPIRNPXI 75
2020-04-13 22:53:25 - SIMPLEAPPS ORDER-FRRFNWIUKQFLKT 56
2020-04-13 22:53:55 - SIMPLEAPPS ORDER-FYIJWSJDQNFZBC 71
2020-04-13 22:54:25 - SIMPLEAPPS ORDER-HUHBJWHXWJZMBS 21
2020-04-13 22:54:55 - SIMPLEAPPS ORDER-UJTPFKUWOECRKA 56
2020-04-13 22:55:25 - SIMPLEAPPS ORDER-FVFNEIZOYDITGV 44
2020-04-13 22:55:55 - SIMPLEAPPS ORDER-KJYMKAEVVZOVRG 28
2020-04-13 22:56:25 - SIMPLEAPPS ORDER-AHLSLYGOMTZDAD 23
2020-04-13 22:56:55 - SIMPLEAPPS ORDER-VLSWSPEGBIGSGO 63
2020-04-13 22:57:25 - SIMPLEAPPS ORDER-PKQDRJDTMMQMSQ 30
2020-04-13 22:57:55 - SIMPLEAPPS ORDER-KHXLBQHRRSMRWX 46
2020-04-13 22:58:25 - SIMPLEAPPS ORDER-EDCZWAMYSZILBJ 22
2020-04-13 22:58:55 - SIMPLEAPPS ORDER-AZAMQXFBESSUJI 68
2020-04-13 22:59:25 - SIMPLEAPPS ORDER-UJHQRBVWYOXBNQ 63
2020-04-13 22:59:55 - SIMPLEAPPS ORDER-AXKCHWTZKOXBHV 67
2020-04-13 23:00:25 - SIMPLEAPPS ORDER-SNCEUQXXIMZNYT 28
2020-04-13 23:00:55 - SIMPLEAPPS ORDER-KJIFSFGQCGCQJI 94
2020-04-13 23:01:25 - SIMPLEAPPS ORDER-WDQLNXPGANNZNS 11
2020-04-13 23:01:55 - SIMPLEAPPS ORDER-ZSPZWFSTZQRGQE 42
2020-04-13 23:02:25 - SIMPLEAPPS ORDER-NSHMIVMPUPVBYD 37
2020-04-13 23:02:55 - SIMPLEAPPS ORDER-LNORVNVUNEZRTE 64
2020-04-13 23:03:25 - SIMPLEAPPS ORDER-WNWOGQCJGHZAAC 11
2020-04-13 23:03:55 - SIMPLEAPPS ORDER-QLSWILDBCRSSYM 40
2020-04-13 23:04:25 - SIMPLEAPPS ORDER-EEQBMLCPYWDRAC 59
2020-04-13 23:04:55 - SIMPLEAPPS ORDER-QILXWKOTBWEKXS 23
2020-04-13 23:05:25 - SIMPLEAPPS ORDER-WLNQRHZUHQRBRI 32
2020-04-13 23:05:55 - SIMPLEAPPS ORDER-LPWQZZFPYGGHNW 74
2020-04-13 23:06:25 - SIMPLEAPPS ORDER-UKEXFIRKVNNWIO 52
2020-04-13 23:06:55 - SIMPLEAPPS ORDER-SGHOWIEYTEUIXR 97
2020-04-13 23:07:25 - SIMPLEAPPS ORDER-LDXDAAANVWUISV 15
2020-04-13 23:07:55 - SIMPLEAPPS ORDER-ELHLBAMHLSLTHG 87
2020-04-13 23:08:25 - SIMPLEAPPS ORDER-AJBTJCIHQNATAW 53
2020-04-13 23:08:55 - SIMPLEAPPS ORDER-KSYIGNWCUKHGVQ 89
2020-04-13 23:09:25 - SIMPLEAPPS ORDER-QZQAUIQHDGRNRB 68
2020-04-13 23:09:55 - SIMPLEAPPS ORDER-CHBWUHDAOHSERO 60
2020-04-13 23:10:25 - SIMPLEAPPS ORDER-NVRMPTRXZYBXQX 57
2020-04-13 23:10:56 - SIMPLEAPPS ORDER-BGEUDWGOJKBRLI 18
2020-04-13 23:11:26 - SIMPLEAPPS ORDER-NPQPXUWCBNTWIE 46
2020-04-13 23:11:56 - SIMPLEAPPS ORDER-VFTXINRWFTSEZK 89
2020-04-13 23:12:26 - SIMPLEAPPS ORDER-ISSQQPLCDGNYFS 80
2020-04-13 23:12:56 - SIMPLEAPPS ORDER-THPYQLAHGNEHOE 74
2020-04-13 23:13:26 - SIMPLEAPPS ORDER-VFXLNQYQUUNHCQ 72
2020-04-13 23:13:56 - SIMPLEAPPS ORDER-ADHZZHDZEAIXZT 45
2020-04-13 23:14:26 - SIMPLEAPPS ORDER-YYWIIWAPOGYUNZ 66
2020-04-13 23:14:56 - SIMPLEAPPS ORDER-PGEGQAANYMZJWW 71
2020-04-13 23:15:26 - SIMPLEAPPS ORDER-KONGMHDCJIIMGE 35
2020-04-13 23:15:56 - SIMPLEAPPS ORDER-QWQQWUOTVKLQXY 39
2020-04-13 23:16:26 - SIMPLEAPPS ORDER-UJOOHIENLDUXFR 45
2020-04-13 23:16:56 - SIMPLEAPPS ORDER-NLRPOMSJZXTSEX 89
2020-04-13 23:17:26 - SIMPLEAPPS ORDER-DIKMIPVVCVUSNF 71
2020-04-13 23:17:56 - SIMPLEAPPS ORDER-XZVTWNUFIHCEQX 38
2020-04-13 23:18:26 - SIMPLEAPPS ORDER-NSQPCHTGXVJAUO 15
2020-04-13 23:18:56 - SIMPLEAPPS ORDER-HICUIFXUWDCZLF 52
2020-04-13 23:19:26 - SIMPLEAPPS ORDER-RPTJKOTRDXVCWO 30
2020-04-13 23:19:56 - SIMPLEAPPS ORDER-IJUERTASCRPISV 58
2020-04-13 23:20:26 - SIMPLEAPPS ORDER-TUKIFPFNTEGCDK 71
2020-04-13 23:20:56 - SIMPLEAPPS ORDER-GIEXUEVNOJPEHG 41
2020-04-13 23:21:26 - SIMPLEAPPS ORDER-ILJLEGDZDWEKIB 93
2020-04-13 23:21:56 - SIMPLEAPPS ORDER-HIMCTATSTNAHLI 25
2020-04-13 23:22:26 - SIMPLEAPPS ORDER-HGCCLVTPUPYMDT 40
2020-04-13 23:22:56 - SIMPLEAPPS ORDER-QJQOLPXCWCAZPI 90
2020-04-13 23:23:26 - SIMPLEAPPS ORDER-PLWSACLJRYTUOM 23
2020-04-13 23:23:56 - SIMPLEAPPS ORDER-CLFBYTHFLGGUJD 34
2020-04-13 23:24:26 - SIMPLEAPPS ORDER-VHWBOKWTNEFSZO 62
2020-04-13 23:24:56 - SIMPLEAPPS ORDER-GPZXQEUEKSWYDB 10
2020-04-13 23:25:26 - SIMPLEAPPS ORDER-WNFUWDURWZCUAC 24
2020-04-13 23:25:56 - SIMPLEAPPS ORDER-KDWELBDSIWOVYB 28
2020-04-13 23:26:26 - SIMPLEAPPS ORDER-BKBPFMRLOWNMAP 71
2020-04-13 23:26:56 - SIMPLEAPPS ORDER-GSWAZGQNWTJVHC 15
2020-04-13 23:27:26 - SIMPLEAPPS ORDER-URJQRGSKZYKFHA 80
2020-04-13 23:27:56 - SIMPLEAPPS ORDER-MUGXMBQMZUGMDE 20
2020-04-13 23:28:26 - SIMPLEAPPS ORDER-JAVABXVJTGBVTY 86
2020-04-13 23:28:57 - SIMPLEAPPS ORDER-OGFLDYGPFLKQUA 21
2020-04-13 23:29:27 - SIMPLEAPPS ORDER-PPGYKMVQTSFZTN 61
2020-04-13 23:29:57 - SIMPLEAPPS ORDER-JHNZOATWLRZWAO 46
2020-04-13 23:30:27 - SIMPLEAPPS ORDER-VBGWBTXQBZHYVP 85
2020-04-13 23:30:57 - SIMPLEAPPS ORDER-WVHNSYWCFRHVZG 49
2020-04-13 23:31:27 - SIMPLEAPPS ORDER-EHQUXWGWBPNWXK 54
2020-04-13 23:31:57 - SIMPLEAPPS ORDER-NUACKXULCEGCPD 54
2020-04-13 23:32:27 - SIMPLEAPPS ORDER-EPXPVSWGDKOQZF 61
2020-04-13 23:32:57 - SIMPLEAPPS ORDER-LLPHNMEMHIEDHZ 73
2020-04-13 23:33:27 - SIMPLEAPPS ORDER-XWJIMHOOCVZYKM 45
2020-04-13 23:33:57 - SIMPLEAPPS ORDER-MQSGIOKHDHNJFB 73
2020-04-13 23:34:27 - SIMPLEAPPS ORDER-MCNJILPGNPPIBB 47
2020-04-13 23:34:57 - SIMPLEAPPS ORDER-LNRHWZYHSZPATO 51
2020-04-13 23:35:27 - SIMPLEAPPS ORDER-FNZBZZLQEHRBIB 47
2020-04-13 23:35:57 - SIMPLEAPPS ORDER-LDVMKPLHHNBYPV 39
2020-04-13 23:36:27 - SIMPLEAPPS ORDER-YRUDHYNFZODAWU 53
2020-04-13 23:36:57 - SIMPLEAPPS ORDER-XRSMRTQCXMQKPV 72
2020-04-13 23:37:27 - SIMPLEAPPS ORDER-NIBZGHJZLRDBHO 14
2020-04-13 23:37:57 - SIMPLEAPPS ORDER-YAQVWBPYUPBZRI 11
2020-04-13 23:38:27 - SIMPLEAPPS ORDER-ARTDLKWUXUUJIC 39
2020-04-13 23:38:57 - SIMPLEAPPS ORDER-SXQHUXATOLSSCY 79
2020-04-13 23:39:27 - SIMPLEAPPS ORDER-YPHSIVQLPRRVJC 84
2020-04-13 23:39:57 - SIMPLEAPPS ORDER-MXBCIWRIDMKUYP 68
2020-04-13 23:40:27 - SIMPLEAPPS ORDER-VBVFHAPIGZAGJI 96
2020-04-13 23:40:57 - SIMPLEAPPS ORDER-CYNGTFVFRNGBHI 71
2020-04-13 23:41:27 - SIMPLEAPPS ORDER-KEFVIAKRPJMTQI 63
2020-04-13 23:41:57 - SIMPLEAPPS ORDER-ESVEZSNZSTJUVI 62
2020-04-13 23:42:27 - SIMPLEAPPS ORDER-RBLXOQMZLIBPWB 69
2020-04-13 23:42:57 - SIMPLEAPPS ORDER-GHTUTIMLHZWROA 98
2020-04-13 23:43:27 - SIMPLEAPPS ORDER-VIJNIFDUGCDRMI 56
2020-04-13 23:43:57 - SIMPLEAPPS ORDER-BIYRQJTEQNCHWX 60
2020-04-13 23:44:27 - SIMPLEAPPS ORDER-GMWEUXNPEZMURW 93
2020-04-13 23:44:57 - SIMPLEAPPS ORDER-MOWCDLJJSYJRRC 84
2020-04-13 23:45:27 - SIMPLEAPPS ORDER-VHYRJRXUTOGRCV 40
2020-04-13 23:45:57 - SIMPLEAPPS ORDER-ZLEUJAFPRPRRMQ 90
2020-04-13 23:46:27 - SIMPLEAPPS ORDER-LXABFUQFQJDTSA 60
2020-04-13 23:46:58 - SIMPLEAPPS ORDER-ADWMQBMFANBVFP 12
2020-04-13 23:47:28 - SIMPLEAPPS ORDER-WBDWNSJRIYIAKQ 58
2020-04-13 23:47:58 - SIMPLEAPPS ORDER-XWCKWSZFMDEZDC 86
2020-04-13 23:48:28 - SIMPLEAPPS ORDER-NFIBEYBYLSSJLN 47
2020-04-13 23:48:58 - SIMPLEAPPS ORDER-LITGBRBDJOZFGE 24
2020-04-13 23:49:28 - SIMPLEAPPS ORDER-PWBXZJUHLUNSPM 98
2020-04-13 23:49:58 - SIMPLEAPPS ORDER-YQKWZZDBZSNKTM 60
2020-04-13 23:50:28 - SIMPLEAPPS ORDER-SVTCJUASIHYDUN 53
2020-04-13 23:50:58 - SIMPLEAPPS ORDER-NGSWFQZSSBGRQW 23
2020-04-13 23:51:28 - SIMPLEAPPS ORDER-KTGNQRQMTLQZRU 36
2020-04-13 23:51:58 - SIMPLEAPPS ORDER-SJGITOJMQJWRTC 81
2020-04-13 23:52:28 - SIMPLEAPPS ORDER-VDUEGGCTPZWJJV 61
2020-04-13 23:52:58 - SIMPLEAPPS ORDER-NUXKLBUDKVDKRE 63
2020-04-13 23:53:28 - SIMPLEAPPS ORDER-WTOIKDAIMJLXNO 43
2020-04-13 23:53:58 - SIMPLEAPPS ORDER-FJIISISFIAPALR 12
2020-04-13 23:54:28 - SIMPLEAPPS ORDER-PLAKEKHPCVZMXA 66
2020-04-13 23:54:58 - SIMPLEAPPS ORDER-XUJHXUKCPFMZQC 70
2020-04-13 23:55:28 - SIMPLEAPPS ORDER-WJUUHIHNWMYLEE 53
2020-04-13 23:55:58 - SIMPLEAPPS ORDER-CMGKHDQTYOKKXA 16
2020-04-13 23:56:28 - SIMPLEAPPS ORDER-LQCFCCHGANJZUD 15
2020-04-13 23:56:58 - SIMPLEAPPS ORDER-YMFFOZFGPSEGBC 35
2020-04-13 23:57:28 - SIMPLEAPPS ORDER-OSYFJFSFJRHLHF 96
2020-04-13 23:57:58 - SIMPLEAPPS ORDER-AROOZKZYBKUWRO 68
2020-04-13 23:58:28 - SIMPLEAPPS ORDER-AKBAYTIABNAQZX 47
2020-04-13 23:58:58 - SIMPLEAPPS ORDER-GXAXPDZBZDLOUY 81
2020-04-13 23:59:28 - SIMPLEAPPS ORDER-OMHIUCRZANHWUZ 62
2020-04-13 23:59:58 - SIMPLEAPPS ORDER-CVMASYNHKVTCKG 33
2020-04-14 00:00:28 - SIMPLEAPPS ORDER-YTFYHEMUFWNODF 38
2020-04-14 00:00:58 - SIMPLEAPPS ORDER-WOGWSBGWZYEPNA 92
2020-04-14 00:01:28 - SIMPLEAPPS ORDER-QJPRXXFMNXMTSH 13
2020-04-14 00:01:58 - SIMPLEAPPS ORDER-VXDKTYXKHILMDD 91
2020-04-14 00:02:28 - SIMPLEAPPS ORDER-TOZEJSEGTNBPZH 80
2020-04-14 00:02:58 - SIMPLEAPPS ORDER-LYAZUPXKRVWBZJ 80
2020-04-14 00:03:28 - SIMPLEAPPS ORDER-KHIWIVOOUTRABU 60
2020-04-14 00:03:58 - SIMPLEAPPS ORDER-ZBEZHROSMQQZKD 87
2020-04-14 00:04:28 - SIMPLEAPPS ORDER-ROQSOBLNELWVPY 19
2020-04-14 00:04:59 - SIMPLEAPPS ORDER-GIYHWFLVVYTYIK 85
2020-04-14 00:05:29 - SIMPLEAPPS ORDER-YMGKQOPTSPKIKJ 34
2020-04-14 00:05:59 - SIMPLEAPPS ORDER-WXGPXOOWOPPAYG 25
2020-04-14 00:06:29 - SIMPLEAPPS ORDER-PAXKLHWVECBYTS 57
2020-04-14 00:06:59 - SIMPLEAPPS ORDER-MVQMKFGXNQLAJQ 46
2020-04-14 00:07:29 - SIMPLEAPPS ORDER-HBHPJNMYXTSJZP 92
2020-04-14 00:07:59 - SIMPLEAPPS ORDER-NMSPZKODEYMBEA 47
2020-04-14 00:08:29 - SIMPLEAPPS ORDER-WCLRHVLDSECXQP 64
2020-04-14 00:08:59 - SIMPLEAPPS ORDER-TIPSEWGTCQWVJM 87
2020-04-14 00:09:29 - SIMPLEAPPS ORDER-SAIXMKQJEJZHTV 86
2020-04-14 00:09:59 - SIMPLEAPPS ORDER-FUCSBUJFMVISAP 30
