2020-04-09 20:24:51 - SIMPLEAPPS ORDER-KMFVEZCELRQEEB 13
2020-04-09 20:25:01 - SIMPLEAPPS ORDER-XCUEBCWZCRFTTA 42
2020-04-09 20:25:11 - SIMPLEAPPS ORDER-XUQBVFPSVVACNN 58
2020-04-09 20:25:21 - SIMPLEAPPS ORDER-LRHZRHFXLJLCVW 66
2020-04-09 20:25:31 - SIMPLEAPPS ORDER-MFOCNCATIPFGVF 62
2020-04-09 20:25:41 - SIMPLEAPPS ORDER-APHDOXJQBJBXDS 96
2020-04-09 20:25:52 - SIMPLEAPPS ORDER-RNKUCWRGFKGNKZ 73
2020-04-09 20:26:02 - SIMPLEAPPS ORDER-BROHWKQHVFDWEB 46
2020-04-09 20:26:12 - SIMPLEAPPS ORDER-DMHRWKZMLYMWFL 77
2020-04-09 20:26:22 - SIMPLEAPPS ORDER-CYOJXPVXECMOLG 12
2020-04-09 20:26:32 - SIMPLEAPPS ORDER-QQLFAXDBCEGNXN 98
2020-04-09 20:26:42 - SIMPLEAPPS ORDER-DGAWDMMIOTDJOT 40
2020-04-09 20:26:52 - SIMPLEAPPS ORDER-YQSFOGZAXWQRJT 18
2020-04-09 20:27:02 - SIMPLEAPPS ORDER-ZRDWLLPCZYGURY 55
2020-04-09 20:27:12 - SIMPLEAPPS ORDER-AQFSLBCWVBILOY 30
2020-04-09 20:27:22 - SIMPLEAPPS ORDER-ZZOQWWTLVYBCQO 33
2020-04-09 20:27:32 - SIMPLEAPPS ORDER-YCYTSIQRZWSRCP 67
2020-04-09 20:27:42 - SIMPLEAPPS ORDER-SJPFCOJFJUFDEW 64
2020-04-09 20:27:52 - SIMPLEAPPS ORDER-GQHMGKCPASZFQS 61
2020-04-09 20:28:02 - SIMPLEAPPS ORDER-GUPPLJXTVHQLID 45
2020-04-09 20:28:12 - SIMPLEAPPS ORDER-IJPCVZKPXABRER 82
2020-04-09 20:28:22 - SIMPLEAPPS ORDER-FVHPKHWQLLSNIQ 43
2020-04-09 20:28:32 - SIMPLEAPPS ORDER-QUQBDAJZTJMILS 94
2020-04-09 20:28:42 - SIMPLEAPPS ORDER-YRNHRKRPQKYTEE 97
2020-04-09 20:28:52 - SIMPLEAPPS ORDER-NBHKFQTBGNHOJV 47
2020-04-09 20:29:02 - SIMPLEAPPS ORDER-UTAPENTSLTJHSH 76
2020-04-09 20:29:12 - SIMPLEAPPS ORDER-DALNHLJNURXMTD 29
2020-04-09 20:29:22 - SIMPLEAPPS ORDER-DAADHLXPDOTHZG 20
2020-04-09 20:29:32 - SIMPLEAPPS ORDER-KSNALONCYWUCBU 51
2020-04-09 20:29:42 - SIMPLEAPPS ORDER-QZHITPWAIZSLUS 70
2020-04-09 20:29:52 - SIMPLEAPPS ORDER-QHEPFKUVVHXKRN 65
2020-04-09 20:30:03 - SIMPLEAPPS ORDER-VEODCRUQKAVRMF 90
2020-04-09 20:30:13 - SIMPLEAPPS ORDER-XXBXLZULBZEPEV 48
2020-04-09 20:30:23 - SIMPLEAPPS ORDER-UTKCCWBPOQLIQK 37
2020-04-09 20:30:33 - SIMPLEAPPS ORDER-HWAYJKKCYHZTDH 74
2020-04-09 20:30:43 - SIMPLEAPPS ORDER-HIMKXCNURTTTWV 56
2020-04-09 20:30:53 - SIMPLEAPPS ORDER-EXVWDFGAVLRLFQ 74
2020-04-09 20:31:03 - SIMPLEAPPS ORDER-ATVNJZISKQXRLS 46
2020-04-09 20:31:13 - SIMPLEAPPS ORDER-MKOLWOIZIJNLPB 85
2020-04-09 20:31:23 - SIMPLEAPPS ORDER-SEINFEKISXNGJJ 81
2020-04-09 20:31:33 - SIMPLEAPPS ORDER-IVXWIVTZXXSIIJ 32
2020-04-09 20:31:43 - SIMPLEAPPS ORDER-SPQHSKLJQJIFNY 56
2020-04-09 20:31:53 - SIMPLEAPPS ORDER-KPCKFPCNKCTPCE 51
2020-04-09 20:32:03 - SIMPLEAPPS ORDER-YMWURNQGFWNLJJ 98
2020-04-09 20:32:13 - SIMPLEAPPS ORDER-CBINFVMRBGZBUS 37
2020-04-09 20:32:23 - SIMPLEAPPS ORDER-WPUWMXJUBPQBAS 98
2020-04-09 20:32:33 - SIMPLEAPPS ORDER-AZSIUFKPCWANIZ 92
2020-04-09 20:32:43 - SIMPLEAPPS ORDER-LEFSEWSMBIFBQH 27
2020-04-09 20:32:53 - SIMPLEAPPS ORDER-TOTEDBQFPWWTDS 15
2020-04-09 20:33:03 - SIMPLEAPPS ORDER-YRLGYGCILJEQQK 77
2020-04-09 20:33:13 - SIMPLEAPPS ORDER-WVVACNJMGTPBTC 28
2020-04-09 20:33:23 - SIMPLEAPPS ORDER-UXGGPFMRRQGSER 98
2020-04-09 20:33:33 - SIMPLEAPPS ORDER-EUCVXFJYQLWRUA 18
2020-04-09 20:33:43 - SIMPLEAPPS ORDER-JJFJXZTPPMLKFN 25
2020-04-09 20:33:53 - SIMPLEAPPS ORDER-IRNEBEXUZJQEIC 47
2020-04-09 20:34:03 - SIMPLEAPPS ORDER-DMPRNCESRJGQQW 13
2020-04-09 20:34:14 - SIMPLEAPPS ORDER-CONUCSVGELKYUR 22
2020-04-09 20:34:24 - SIMPLEAPPS ORDER-NUXCGDTTBGISDS 84
2020-04-09 20:34:34 - SIMPLEAPPS ORDER-AGVRBFNIOYTHGB 22
2020-04-09 20:34:44 - SIMPLEAPPS ORDER-ZDWBDATXIRDQMN 81
2020-04-09 20:34:54 - SIMPLEAPPS ORDER-MERWCRSADVKCKF 13
2020-04-09 20:35:04 - SIMPLEAPPS ORDER-GXJDPCXOBOUNGX 49
2020-04-09 20:35:14 - SIMPLEAPPS ORDER-DZOYUJLYATGHFV 95
2020-04-09 20:35:24 - SIMPLEAPPS ORDER-MUTOOAPLBVPPRB 66
2020-04-09 20:35:34 - SIMPLEAPPS ORDER-YFGFRWZCYZLRYP 34
2020-04-09 20:35:44 - SIMPLEAPPS ORDER-FHPAMDTDAMHROD 44
2020-04-09 20:35:54 - SIMPLEAPPS ORDER-RDISYZVATWZOMM 38
2020-04-09 20:36:04 - SIMPLEAPPS ORDER-BIRQCKDRPODPSZ 12
2020-04-09 20:36:14 - SIMPLEAPPS ORDER-TQZISYCUQDCDCQ 28
2020-04-09 20:36:24 - SIMPLEAPPS ORDER-GLTGHWKLWMSIAJ 17
2020-04-09 20:36:34 - SIMPLEAPPS ORDER-USYGFADHSNOPEW 18
2020-04-09 20:36:44 - SIMPLEAPPS ORDER-IDKIUYJVOFCVAI 43
2020-04-09 20:36:54 - SIMPLEAPPS ORDER-BRQSNKOXRVGUWK 64
2020-04-09 20:37:04 - SIMPLEAPPS ORDER-IWKUYDRXPXYTMM 44
2020-04-09 20:37:14 - SIMPLEAPPS ORDER-BBZNKPMOPSKJNB 49
2020-04-09 20:37:24 - SIMPLEAPPS ORDER-YCMIWALIQQXKYH 19
2020-04-09 20:37:34 - SIMPLEAPPS ORDER-GDHXKOEHEYIPMO 70
2020-04-09 20:37:44 - SIMPLEAPPS ORDER-ZFGBOAIVDAJGJL 27
2020-04-09 20:37:54 - SIMPLEAPPS ORDER-FCGYSQPCAXIVEE 47
2020-04-09 20:38:04 - SIMPLEAPPS ORDER-PAICHUDTUDMZCD 71
2020-04-09 20:38:14 - SIMPLEAPPS ORDER-UFHITSKHZSNLEB 40
2020-04-09 20:38:24 - SIMPLEAPPS ORDER-ENWDZYEVYWROXN 97
2020-04-09 20:38:35 - SIMPLEAPPS ORDER-LOIKSDLPPXCYOD 45
2020-04-09 20:38:45 - SIMPLEAPPS ORDER-NSMOIAVWRPSTZN 47
2020-04-09 20:38:55 - SIMPLEAPPS ORDER-ZJDHGJQGRRARPM 91
2020-04-09 20:39:05 - SIMPLEAPPS ORDER-JAWSRWJYMRUTBS 98
2020-04-09 20:39:15 - SIMPLEAPPS ORDER-XOLSKPLQSURWXS 15
2020-04-09 20:39:25 - SIMPLEAPPS ORDER-LNEZKDDDMOIVWS 94
2020-04-09 20:39:35 - SIMPLEAPPS ORDER-RKFXHWANQHKWAL 25
2020-04-09 20:39:45 - SIMPLEAPPS ORDER-PDLGFOKFAOKGGS 67
2020-04-09 20:39:55 - SIMPLEAPPS ORDER-HMGRFRDZTPUKZV 50
2020-04-09 20:40:05 - SIMPLEAPPS ORDER-WMJBNIIUAFHAWF 16
2020-04-09 20:40:15 - SIMPLEAPPS ORDER-UBWAVNDXZRGBSS 30
2020-04-09 20:40:25 - SIMPLEAPPS ORDER-UBPMUIQOEOKEVZ 58
2020-04-09 20:40:35 - SIMPLEAPPS ORDER-UBDACDIPNHAKYB 19
2020-04-09 20:40:45 - SIMPLEAPPS ORDER-DOJWYQASPONJAV 78
2020-04-09 20:40:55 - SIMPLEAPPS ORDER-HKIOGRBCAJOYBQ 41
2020-04-09 20:41:05 - SIMPLEAPPS ORDER-JPQJJCAFIQAWCK 86
2020-04-09 20:41:15 - SIMPLEAPPS ORDER-DWLKRSJFRJDFYR 27
2020-04-09 20:41:25 - SIMPLEAPPS ORDER-LAHSXJMCVDDTXY 78
2020-04-09 20:41:35 - SIMPLEAPPS ORDER-TCQFFYIBJBGPSV 41
2020-04-09 20:41:45 - SIMPLEAPPS ORDER-YFAVMCROYYHHPY 31
2020-04-09 20:41:55 - SIMPLEAPPS ORDER-FBVOZOQMLIFUYP 55
2020-04-09 20:42:05 - SIMPLEAPPS ORDER-XKAJBVXVIRSFCA 47
2020-04-09 20:42:15 - SIMPLEAPPS ORDER-XURKCXMWSEHNDX 20
2020-04-09 20:42:25 - SIMPLEAPPS ORDER-PZWJHFUFUAZBAW 67
2020-04-09 20:42:35 - SIMPLEAPPS ORDER-VDGZMPLEXXIJOS 73
2020-04-09 20:42:46 - SIMPLEAPPS ORDER-NCCYHKETYGFVLI 86
2020-04-09 20:42:56 - SIMPLEAPPS ORDER-JYFGRSHKJZSHOM 92
2020-04-09 20:43:06 - SIMPLEAPPS ORDER-MVOIOYACSFXERJ 15
2020-04-09 20:43:16 - SIMPLEAPPS ORDER-FKFRSWAHNIRZNF 32
2020-04-09 20:43:26 - SIMPLEAPPS ORDER-WLTSSUILIYWFML 94
2020-04-09 20:43:36 - SIMPLEAPPS ORDER-CPIPPKYFDWFMVI 10
2020-04-09 20:43:46 - SIMPLEAPPS ORDER-BDIAWMSYAMDMIF 13
2020-04-09 20:43:56 - SIMPLEAPPS ORDER-GHEUEQFXOSTASO 91
2020-04-09 20:44:06 - SIMPLEAPPS ORDER-MNNEOGCSONXVMI 13
2020-04-09 20:44:16 - SIMPLEAPPS ORDER-GNJMDFHMIAHUHM 30
2020-04-09 20:44:26 - SIMPLEAPPS ORDER-LYCYFLDXXOKNTL 96
2020-04-09 20:44:36 - SIMPLEAPPS ORDER-FYHNZYZXWHPUAC 45
2020-04-09 20:44:46 - SIMPLEAPPS ORDER-PRFPTVVGLGAXGI 12
2020-04-09 20:44:56 - SIMPLEAPPS ORDER-IDIFRVXLVBMKQO 72
2020-04-09 20:45:06 - SIMPLEAPPS ORDER-LZQGZHVYJCPEWG 37
2020-04-09 20:45:16 - SIMPLEAPPS ORDER-XDHRTHZRNEZHDL 63
2020-04-09 20:45:26 - SIMPLEAPPS ORDER-JIQZSKYPYOGPLL 69
2020-04-09 20:45:36 - SIMPLEAPPS ORDER-JZSISYMTBLAFCE 30
2020-04-09 20:45:46 - SIMPLEAPPS ORDER-QQDJEVXKGTZVZG 35
2020-04-09 20:45:56 - SIMPLEAPPS ORDER-RMVRNMJHZQAOPV 17
2020-04-09 20:46:06 - SIMPLEAPPS ORDER-IAFFTOBOXOUIBM 81
2020-04-09 20:46:16 - SIMPLEAPPS ORDER-ZQJDHMAPDAVYFK 27
2020-04-09 20:46:26 - SIMPLEAPPS ORDER-NAMLULWWYNKIGW 77
2020-04-09 20:46:36 - SIMPLEAPPS ORDER-BEVIRFBZRWKLLH 68
2020-04-09 20:46:46 - SIMPLEAPPS ORDER-TOPAJNLIURNDOG 55
2020-04-09 20:46:56 - SIMPLEAPPS ORDER-CBWYXVNHWULUBQ 54
2020-04-09 20:47:07 - SIMPLEAPPS ORDER-OEJZTUSUJYJEKJ 87
2020-04-09 20:47:17 - SIMPLEAPPS ORDER-OVOCAJPEJLQIJO 54
2020-04-09 20:47:27 - SIMPLEAPPS ORDER-BXYNDGGLRUNIVB 64
2020-04-09 20:47:37 - SIMPLEAPPS ORDER-UFLLWIYBJNGDUD 61
2020-04-09 20:47:47 - SIMPLEAPPS ORDER-VWDDUOVTCRPWPC 67
2020-04-09 20:47:57 - SIMPLEAPPS ORDER-OATPDYIKPOKZJM 85
2020-04-09 20:48:07 - SIMPLEAPPS ORDER-YNOWXEDFPPNEEL 79
2020-04-09 20:48:17 - SIMPLEAPPS ORDER-PEUETCLYGLEGXG 93
2020-04-09 20:48:27 - SIMPLEAPPS ORDER-ZEMZTFPFFQBNOL 11
2020-04-09 20:48:37 - SIMPLEAPPS ORDER-KNYSZOPIKRTMLY 76
2020-04-09 20:48:47 - SIMPLEAPPS ORDER-VOXCANNXJCHOYS 29
2020-04-09 20:48:57 - SIMPLEAPPS ORDER-LXDACVAYYGAAMS 50
2020-04-09 20:49:07 - SIMPLEAPPS ORDER-EYHDHWOTKMUYTZ 83
2020-04-09 20:49:17 - SIMPLEAPPS ORDER-SDNXWGYUPFYUMN 51
2020-04-09 20:49:27 - SIMPLEAPPS ORDER-WNFXWJJATBRLYA 19
2020-04-09 20:49:37 - SIMPLEAPPS ORDER-DUFGIFJIQXAULX 44
2020-04-09 20:49:47 - SIMPLEAPPS ORDER-XYOIHNTMDIAWDN 94
2020-04-09 20:49:57 - SIMPLEAPPS ORDER-WGZOIJEWLDLLBR 81
2020-04-09 20:50:07 - SIMPLEAPPS ORDER-DKNRZGFSZSFCCK 37
2020-04-09 20:50:17 - SIMPLEAPPS ORDER-WGGMOFQFAXBTMW 94
2020-04-09 20:50:27 - SIMPLEAPPS ORDER-MTXSBQTKMIYWIO 13
2020-04-09 20:50:37 - SIMPLEAPPS ORDER-WWJLOGGCIEDUNB 23
2020-04-09 20:50:47 - SIMPLEAPPS ORDER-IVINLHNZZMIIJU 61
2020-04-09 20:50:57 - SIMPLEAPPS ORDER-ZMNCLFCGIIGSWT 71
2020-04-09 20:51:07 - SIMPLEAPPS ORDER-IRGTUUPFSVNNNG 92
2020-04-09 20:51:18 - SIMPLEAPPS ORDER-BYOAQIPQPNGBVM 40
2020-04-09 20:51:28 - SIMPLEAPPS ORDER-LNXMWIOTMCBZEM 50
2020-04-09 20:51:38 - SIMPLEAPPS ORDER-NXAMKQNYPAVYJH 23
2020-04-09 20:51:48 - SIMPLEAPPS ORDER-VAMYCHEZIZVNHR 39
2020-04-09 20:51:58 - SIMPLEAPPS ORDER-ABWHEFKLSOBLWU 16
2020-04-09 20:52:08 - SIMPLEAPPS ORDER-LPVFLCWZNEABRE 84
2020-04-09 20:52:18 - SIMPLEAPPS ORDER-DHSKXRYMWGZPCQ 37
2020-04-09 20:52:28 - SIMPLEAPPS ORDER-WUPKVEBVDZPCZD 54
2020-04-09 20:52:38 - SIMPLEAPPS ORDER-FTICNOQXQRJEGG 36
2020-04-09 20:52:48 - SIMPLEAPPS ORDER-LVIDZHLWLPEZND 22
2020-04-09 20:52:58 - SIMPLEAPPS ORDER-CPGVSFTNUASUAI 47
2020-04-09 20:53:08 - SIMPLEAPPS ORDER-SGQTFSYOLXWTSY 81
2020-04-09 20:53:18 - SIMPLEAPPS ORDER-OSKSOPHDBDTMLH 76
2020-04-09 20:53:28 - SIMPLEAPPS ORDER-CSYZWYDZMWPEUB 91
2020-04-09 20:53:38 - SIMPLEAPPS ORDER-IEFZHKAISKAFZQ 72
2020-04-09 20:53:48 - SIMPLEAPPS ORDER-XWCRRFYTTSDQRB 16
2020-04-09 20:53:58 - SIMPLEAPPS ORDER-MVVIRLHVZUJZZZ 65
2020-04-09 20:54:08 - SIMPLEAPPS ORDER-NVVPKQBOULCMUL 34
2020-04-09 20:54:18 - SIMPLEAPPS ORDER-KNHFATCWUETNCW 15
2020-04-09 20:54:28 - SIMPLEAPPS ORDER-OMVRQTRMTNQLQR 24
2020-04-09 20:54:38 - SIMPLEAPPS ORDER-IHSSYZTRZLYDYK 17
2020-04-09 20:54:48 - SIMPLEAPPS ORDER-VXGXKWNMGBJRVD 48
2020-04-09 20:54:58 - SIMPLEAPPS ORDER-QSBVGNYELHRGHW 50
2020-04-09 20:55:08 - SIMPLEAPPS ORDER-JXTFFDBCAVOXIL 23
2020-04-09 20:55:18 - SIMPLEAPPS ORDER-JMCVSBELWYWAHQ 62
2020-04-09 20:55:29 - SIMPLEAPPS ORDER-GMXLFSFIUPHFPF 23
2020-04-09 20:55:39 - SIMPLEAPPS ORDER-DHWYCAZCBJVBAC 55
2020-04-09 20:55:49 - SIMPLEAPPS ORDER-QKJADVWTKVNURU 52
2020-04-09 20:55:59 - SIMPLEAPPS ORDER-ZAIXNLTTRPTNHO 42
2020-04-09 20:56:09 - SIMPLEAPPS ORDER-THDKCWABEGAYDV 31
2020-04-09 20:56:19 - SIMPLEAPPS ORDER-XYYPUNYZHUZOLX 33
2020-04-09 20:56:29 - SIMPLEAPPS ORDER-JUTQSGXLEPZOAC 50
2020-04-09 20:56:39 - SIMPLEAPPS ORDER-NARURSMMTACDVQ 73
2020-04-09 20:56:49 - SIMPLEAPPS ORDER-VGLHTIHPPTGUUY 19
2020-04-09 20:56:59 - SIMPLEAPPS ORDER-NYUBZWTXEAKGPH 74
2020-04-09 20:57:09 - SIMPLEAPPS ORDER-EMGWZGZKXJEDAW 59
2020-04-09 20:57:19 - SIMPLEAPPS ORDER-SXKUPJZORTMATX 81
2020-04-09 20:57:29 - SIMPLEAPPS ORDER-MLGJVRVXYAEWXR 48
2020-04-09 20:57:39 - SIMPLEAPPS ORDER-ZQJKDKOHUJAQWE 58
2020-04-09 20:57:49 - SIMPLEAPPS ORDER-TGXEGWYNCVTJTH 67
2020-04-09 20:57:59 - SIMPLEAPPS ORDER-IJKDBYUEOTQGSD 65
2020-04-09 20:58:09 - SIMPLEAPPS ORDER-DNIEDPEMRENLML 44
2020-04-09 20:58:19 - SIMPLEAPPS ORDER-JKRUUDJLCIGPIY 65
2020-04-09 20:58:29 - SIMPLEAPPS ORDER-ZFWSHHYWUIAUSW 17
2020-04-09 20:58:39 - SIMPLEAPPS ORDER-SHGPAUOHNLCMAY 61
2020-04-09 20:58:49 - SIMPLEAPPS ORDER-CHIQLIKVELYBOG 83
2020-04-09 20:58:59 - SIMPLEAPPS ORDER-FSUPMLPHQWASHZ 12
2020-04-09 20:59:09 - SIMPLEAPPS ORDER-LBPBFHOKSOXWIA 44
2020-04-09 20:59:19 - SIMPLEAPPS ORDER-RQAPSRWNDOUUIA 49
2020-04-09 20:59:29 - SIMPLEAPPS ORDER-HQOCNJPKQALVFG 34
2020-04-09 20:59:40 - SIMPLEAPPS ORDER-NMNMJLIERWSCDB 11
2020-04-09 20:59:50 - SIMPLEAPPS ORDER-DKSEYJEEVXYPQI 58
2020-04-09 21:00:00 - SIMPLEAPPS ORDER-ASRFBDVIQCOIJR 33
2020-04-09 21:00:10 - SIMPLEAPPS ORDER-JZDDKMXMOXTSJL 66
2020-04-09 21:00:20 - SIMPLEAPPS ORDER-FEZYGDTIJUQAXI 81
2020-04-09 21:00:30 - SIMPLEAPPS ORDER-VVYRWFDZTIUYFB 40
2020-04-09 21:00:40 - SIMPLEAPPS ORDER-IZLVKPBGVCEEHW 75
2020-04-09 21:00:50 - SIMPLEAPPS ORDER-HKJDZESYPAXDLJ 36
2020-04-09 21:01:00 - SIMPLEAPPS ORDER-BGHDUXXPZCNZVP 95
2020-04-09 21:01:10 - SIMPLEAPPS ORDER-MUGBPEZIHKMRCR 26
2020-04-09 21:01:20 - SIMPLEAPPS ORDER-LISDQUEKRIOAVE 46
2020-04-09 21:01:30 - SIMPLEAPPS ORDER-HOZKAYOSIVRJRX 31
2020-04-09 21:01:40 - SIMPLEAPPS ORDER-BOUBARWKXVVNUM 23
2020-04-09 21:01:50 - SIMPLEAPPS ORDER-TUENULIUDVGEBE 17
2020-04-09 21:02:00 - SIMPLEAPPS ORDER-TVAZRAAYJSSGLS 40
2020-04-09 21:02:10 - SIMPLEAPPS ORDER-YLHAGJFLUKXFBB 95
2020-04-09 21:02:20 - SIMPLEAPPS ORDER-OYALEGJLJLVDCY 69
2020-04-09 21:02:30 - SIMPLEAPPS ORDER-KGWTIRWKAOPWVA 35
2020-04-09 21:02:40 - SIMPLEAPPS ORDER-APJDRMSAHUCLRD 71
2020-04-09 21:02:50 - SIMPLEAPPS ORDER-DLXEVBTBLXQPTC 29
2020-04-09 21:03:00 - SIMPLEAPPS ORDER-RMEBCCYARPTAGM 50
2020-04-09 21:03:10 - SIMPLEAPPS ORDER-FPTMFHHCDFDMBU 42
2020-04-09 21:03:20 - SIMPLEAPPS ORDER-REHTTUEABHVVLR 65
2020-04-09 21:03:30 - SIMPLEAPPS ORDER-WXHKJPROCNMIBK 12
2020-04-09 21:03:40 - SIMPLEAPPS ORDER-BSSREXZNYSBBRB 80
2020-04-09 21:03:51 - SIMPLEAPPS ORDER-YNQTPXNGHVLAJN 92
2020-04-09 21:04:01 - SIMPLEAPPS ORDER-EFXEVAGTKOFUOY 32
2020-04-09 21:04:11 - SIMPLEAPPS ORDER-BABOQCOULKOPTM 90
2020-04-09 21:04:21 - SIMPLEAPPS ORDER-QTRTPKQKHMFQLP 77
2020-04-09 21:04:31 - SIMPLEAPPS ORDER-QFOVRJPRNDXIFO 81
2020-04-09 21:04:41 - SIMPLEAPPS ORDER-YOMADYMDBSDDJC 54
2020-04-09 21:04:51 - SIMPLEAPPS ORDER-BHVEHKFBIQXQHU 89
2020-04-09 21:05:01 - SIMPLEAPPS ORDER-NWVUOYNUMWIFGU 58
2020-04-09 21:05:11 - SIMPLEAPPS ORDER-OZLSECTSYXIKGQ 50
2020-04-09 21:05:21 - SIMPLEAPPS ORDER-CTZQVMTAPEEXDS 61
2020-04-09 21:05:31 - SIMPLEAPPS ORDER-FABZMSHPSPNOFT 82
2020-04-09 21:05:41 - SIMPLEAPPS ORDER-RHDWEQBWTDERGT 41
2020-04-09 21:05:51 - SIMPLEAPPS ORDER-GEFPUOKQRSLNOM 11
2020-04-09 21:06:01 - SIMPLEAPPS ORDER-FDTXWMYRPIIQIK 53
2020-04-09 21:06:11 - SIMPLEAPPS ORDER-HWTSBPOSMGVZJP 73
2020-04-09 21:06:21 - SIMPLEAPPS ORDER-SJQMCGOZFVLGUG 42
2020-04-09 21:06:31 - SIMPLEAPPS ORDER-GIKHWHKEISENTG 76
2020-04-09 21:06:41 - SIMPLEAPPS ORDER-AOZHIOQSGSHQBY 89
2020-04-09 21:06:51 - SIMPLEAPPS ORDER-TLRRHGHRWCLSXB 74
2020-04-09 21:07:01 - SIMPLEAPPS ORDER-ISNTQGNTHEOENT 87
2020-04-09 21:07:11 - SIMPLEAPPS ORDER-ZGAMTWIGVDEBUX 49
2020-04-09 21:07:21 - SIMPLEAPPS ORDER-JETELEEWTFHJPX 10
2020-04-09 21:07:31 - SIMPLEAPPS ORDER-ELWEZVIQMVODAE 49
2020-04-09 21:07:41 - SIMPLEAPPS ORDER-ETQMRSKHUSOWZX 63
2020-04-09 21:07:51 - SIMPLEAPPS ORDER-XUZXEHBAJJROAQ 58
2020-04-09 21:08:02 - SIMPLEAPPS ORDER-JXKZHOAUZJSVYY 76
2020-04-09 21:08:12 - SIMPLEAPPS ORDER-UMJYAIQMSAKQTG 91
2020-04-09 21:08:22 - SIMPLEAPPS ORDER-ITINZSDANLDALK 58
2020-04-09 21:08:32 - SIMPLEAPPS ORDER-VPBGJGNHQSDGZS 42
2020-04-09 21:08:42 - SIMPLEAPPS ORDER-OYQKOBHOHNPHSD 64
2020-04-09 21:08:52 - SIMPLEAPPS ORDER-UOGDBHSLLNDQDW 82
2020-04-09 21:09:02 - SIMPLEAPPS ORDER-RRGZVDSHUUBOGN 98
2020-04-09 21:09:12 - SIMPLEAPPS ORDER-JGCJRRRXAHKTTV 46
2020-04-09 21:09:22 - SIMPLEAPPS ORDER-DMXIRAZJSHDPCI 10
2020-04-09 21:09:32 - SIMPLEAPPS ORDER-AYQGOUGDWNXKIT 43
2020-04-09 21:09:42 - SIMPLEAPPS ORDER-ZKWMUKDQNPSLKK 42
2020-04-09 21:09:52 - SIMPLEAPPS ORDER-XFRIAMOQAGOBSR 43
2020-04-09 21:10:02 - SIMPLEAPPS ORDER-ASNTGHTMSFCCUK 70
2020-04-09 21:10:12 - SIMPLEAPPS ORDER-UUKCMYMDXOXKBB 80
2020-04-09 21:10:22 - SIMPLEAPPS ORDER-KVQGLTDLUQCHDU 81
2020-04-09 21:10:32 - SIMPLEAPPS ORDER-CNFMAFSBDMACJM 11
2020-04-09 21:10:42 - SIMPLEAPPS ORDER-OWOODOPEGRVOGD 36
2020-04-09 21:10:52 - SIMPLEAPPS ORDER-RMQAMBIVAEXSFM 58
2020-04-09 21:11:02 - SIMPLEAPPS ORDER-HZHUSLCCBVXZGV 96
2020-04-09 21:11:12 - SIMPLEAPPS ORDER-QTZZHOHKKHNNRM 41
2020-04-09 21:11:22 - SIMPLEAPPS ORDER-QOKOBLDFHNSHCT 87
2020-04-09 21:11:32 - SIMPLEAPPS ORDER-XKIQCCNQIABNBZ 16
2020-04-09 21:11:42 - SIMPLEAPPS ORDER-IGWSROIWYOFNQV 16
2020-04-09 21:11:52 - SIMPLEAPPS ORDER-ODQBFQUBAHHQQG 50
2020-04-09 21:12:02 - SIMPLEAPPS ORDER-CVVPAHYHIEABWQ 76
2020-04-09 21:12:12 - SIMPLEAPPS ORDER-GOQSRBFQHJBCLB 59
2020-04-09 21:12:23 - SIMPLEAPPS ORDER-FTHTNFSYMYWIRH 10
2020-04-09 21:12:33 - SIMPLEAPPS ORDER-ODECEPXDCHMAAG 52
2020-04-09 21:12:43 - SIMPLEAPPS ORDER-DQBUEPUKTQJIQQ 47
2020-04-09 21:12:53 - SIMPLEAPPS ORDER-OCDDFCOVSJGKQS 23
2020-04-09 21:13:03 - SIMPLEAPPS ORDER-BUOSALVQFLUEXO 76
2020-04-09 21:13:13 - SIMPLEAPPS ORDER-CDMXFJDIOSANHZ 14
2020-04-09 21:13:23 - SIMPLEAPPS ORDER-RWUHZCKNASVJRC 23
2020-04-09 21:13:33 - SIMPLEAPPS ORDER-DJGBLCHDJJUQIX 59
2020-04-09 21:13:43 - SIMPLEAPPS ORDER-TYLCWVYGUIDJKC 36
2020-04-09 21:13:53 - SIMPLEAPPS ORDER-CIXDEHQRPBFQQA 12
2020-04-09 21:14:03 - SIMPLEAPPS ORDER-NWLLRYWRWIQYHJ 11
2020-04-09 21:14:13 - SIMPLEAPPS ORDER-BGGGVJANDDVUGY 31
2020-04-09 21:14:23 - SIMPLEAPPS ORDER-QOKSNHFLNMDRBF 54
2020-04-09 21:14:33 - SIMPLEAPPS ORDER-IFPDQFIKSOUCJL 38
2020-04-09 21:14:43 - SIMPLEAPPS ORDER-YYKCGKWJXUYWIP 50
2020-04-09 21:14:53 - SIMPLEAPPS ORDER-COPOQFOOMPVAMB 17
2020-04-09 21:15:03 - SIMPLEAPPS ORDER-GQVZGYIGXRTSLL 22
2020-04-09 21:15:13 - SIMPLEAPPS ORDER-IUDTJGXMUYRTKG 11
2020-04-09 21:15:23 - SIMPLEAPPS ORDER-GICFXVUUIBXHKD 87
2020-04-09 21:15:33 - SIMPLEAPPS ORDER-UASOPBHBRWJSEN 24
2020-04-09 21:15:43 - SIMPLEAPPS ORDER-KKCRZCENCXRJGN 69
2020-04-09 21:15:53 - SIMPLEAPPS ORDER-NYYBARQUAVRFZA 22
2020-04-09 21:16:03 - SIMPLEAPPS ORDER-AXLWACUIPBQIXX 59
2020-04-09 21:16:13 - SIMPLEAPPS ORDER-PYYZXQKEGESFUM 60
2020-04-09 21:16:23 - SIMPLEAPPS ORDER-UBCHJXOULMNORD 61
2020-04-09 21:16:37 - SIMPLEAPPS ORDER-DCGTIBCOEZHUMQ 69
2020-04-09 21:54:09 - SIMPLEAPPS ORDER-XCDGDTFHDWMIRI 28
2020-04-09 21:54:11 - SIMPLEAPPS ORDER-YEBREBBVEJSNJA 42
2020-04-09 21:54:13 - SIMPLEAPPS ORDER-NBOYHQTEIKPZBA 95
2020-04-09 21:54:15 - SIMPLEAPPS ORDER-VGPYWQYOGZRGZQ 33
2020-04-09 21:54:17 - SIMPLEAPPS ORDER-HSIUWFOOVFZKPM 56
2020-04-09 21:54:19 - SIMPLEAPPS ORDER-DZVQCEDTZJWEWF 88
2020-04-09 21:54:21 - SIMPLEAPPS ORDER-CKSRSKYBYESHQV 38
2020-04-09 21:54:23 - SIMPLEAPPS ORDER-FGAITBREAOMKHX 92
2020-04-09 21:54:25 - SIMPLEAPPS ORDER-WTTFUJXNONHIQS 71
2020-04-09 21:54:27 - SIMPLEAPPS ORDER-GRWKNXXKWWEXVO 18
2020-04-09 21:54:29 - SIMPLEAPPS ORDER-RNCYPGWRGPOOJX 43
2020-04-09 21:54:31 - SIMPLEAPPS ORDER-HIPTSRGANSGCKU 37
2020-04-09 21:54:33 - SIMPLEAPPS ORDER-HUYWWONJXLIGAL 47
2020-04-09 21:54:35 - SIMPLEAPPS ORDER-MVZUQSYTKAIAYK 31
2020-04-09 21:54:37 - SIMPLEAPPS ORDER-FRWHKXISVQWDGE 83
2020-04-09 21:54:39 - SIMPLEAPPS ORDER-PVMFHKBGMUVSKC 51
2020-04-09 21:54:41 - SIMPLEAPPS ORDER-UIOYTPASSCSSOI 42
2020-04-09 21:54:43 - SIMPLEAPPS ORDER-BTODWJZWUICTHT 30
2020-04-09 21:54:45 - SIMPLEAPPS ORDER-ZEFCXGUKXVKYBX 27
2020-04-09 21:54:47 - SIMPLEAPPS ORDER-OUVYTJIJXIWQAL 73
2020-04-09 21:54:49 - SIMPLEAPPS ORDER-IRYNKSRWNOXYNB 20
2020-04-09 21:54:51 - SIMPLEAPPS ORDER-FPYFUSFKDAVDQR 68
2020-04-09 21:54:53 - SIMPLEAPPS ORDER-MTPIXTTPKARFBC 58
2020-04-09 21:54:55 - SIMPLEAPPS ORDER-NZBOFOPQXTSZVI 62
2020-04-09 21:54:58 - SIMPLEAPPS ORDER-YFTYJTOSQLTRJD 58
2020-04-09 21:55:00 - SIMPLEAPPS ORDER-FYJRXCZZQJKGCM 38
2020-04-09 21:55:02 - SIMPLEAPPS ORDER-BNXDOGKGWHGQBX 64
2020-04-09 21:55:04 - SIMPLEAPPS ORDER-WWLOQLYOALBUAO 89
2020-04-09 21:55:06 - SIMPLEAPPS ORDER-OYPDVLNOZSNDUD 84
2020-04-09 21:55:08 - SIMPLEAPPS ORDER-EGVSCOXYDCQKMB 80
2020-04-09 21:55:10 - SIMPLEAPPS ORDER-UVJDNXZBEQMUPU 71
2020-04-09 21:55:12 - SIMPLEAPPS ORDER-VTJCPDRGJNRBAF 86
2020-04-09 21:55:14 - SIMPLEAPPS ORDER-CNHBIUXPDHRIQT 97
2020-04-09 21:55:16 - SIMPLEAPPS ORDER-SGKEIPKOHVAEZS 71
2020-04-09 21:55:18 - SIMPLEAPPS ORDER-VKTLQXDINMKTTN 36
2020-04-09 21:55:20 - SIMPLEAPPS ORDER-EFBVAKPAETQNRB 35
2020-04-09 21:55:22 - SIMPLEAPPS ORDER-YWJZGNWCPFEVMQ 94
2020-04-09 21:55:24 - SIMPLEAPPS ORDER-NGOGOIUECVUDRB 69
2020-04-09 21:55:26 - SIMPLEAPPS ORDER-DDXJRXPPNBBCYK 51
2020-04-09 21:55:28 - SIMPLEAPPS ORDER-FEXVIGMSFHHOPW 53
2020-04-09 21:55:30 - SIMPLEAPPS ORDER-DRCOMIPSZUVNHH 49
2020-04-09 21:55:32 - SIMPLEAPPS ORDER-YDIZOACMRAFJGM 26
2020-04-09 21:55:34 - SIMPLEAPPS ORDER-YDPXUHZTSSPIHC 63
2020-04-09 21:55:36 - SIMPLEAPPS ORDER-BYMQQXMEXSUXKU 18
2020-04-09 21:55:38 - SIMPLEAPPS ORDER-NCOUUSLUQAJRXD 39
2020-04-09 21:55:40 - SIMPLEAPPS ORDER-UBTCYBBUZXUMYE 26
2020-04-09 21:55:42 - SIMPLEAPPS ORDER-RLWFYVWGYRWECA 45
2020-04-09 21:55:44 - SIMPLEAPPS ORDER-RKQQBOBESYKWWE 87
2020-04-09 21:55:46 - SIMPLEAPPS ORDER-QDEVAINNSSOTOF 20
2020-04-09 21:55:49 - SIMPLEAPPS ORDER-DRPQQRQMWVRBLH 75
2020-04-09 21:55:51 - SIMPLEAPPS ORDER-YKQSEIKLONWSSW 55
2020-04-09 21:55:53 - SIMPLEAPPS ORDER-AOAZTNPXVSGDFK 48
2020-04-09 21:55:55 - SIMPLEAPPS ORDER-TRZKCDAHBZIUFH 20
2020-04-09 21:55:57 - SIMPLEAPPS ORDER-DRKYMKBOOTEOCV 76
2020-04-09 21:55:59 - SIMPLEAPPS ORDER-PPKJMXCYDARZZH 83
2020-04-09 21:56:01 - SIMPLEAPPS ORDER-UETBJTEZUACTRP 16
2020-04-09 21:56:03 - SIMPLEAPPS ORDER-XRVAHEDOWZTTUH 22
2020-04-09 21:56:05 - SIMPLEAPPS ORDER-VNJPYOCFFQTJPY 34
2020-04-09 21:56:07 - SIMPLEAPPS ORDER-NGHDOSSFFAZSRP 53
2020-04-09 21:56:09 - SIMPLEAPPS ORDER-OETJRDSUWBLXAJ 47
2020-04-09 21:56:11 - SIMPLEAPPS ORDER-BYQCIEMVWEBMSD 93
2020-04-09 21:56:13 - SIMPLEAPPS ORDER-SAFLBHNRQLLSHI 65
2020-04-09 21:56:15 - SIMPLEAPPS ORDER-WXDNEAYOYGPPYT 25
2020-04-09 21:56:17 - SIMPLEAPPS ORDER-GCTTFZQHWRHMQW 25
2020-04-09 21:56:19 - SIMPLEAPPS ORDER-CSBOZSKPSIZTTR 77
2020-04-09 21:56:21 - SIMPLEAPPS ORDER-DDDPHBNCVNEHWP 36
2020-04-09 21:56:23 - SIMPLEAPPS ORDER-PPWDRHOEJKVXVZ 94
2020-04-09 21:56:25 - SIMPLEAPPS ORDER-DPJOLSIIENAIRL 86
2020-04-09 21:56:27 - SIMPLEAPPS ORDER-WBNMKCEACEXZRS 70
2020-04-09 21:56:29 - SIMPLEAPPS ORDER-YNJLDZZYTFKJZY 24
2020-04-09 21:56:31 - SIMPLEAPPS ORDER-KCANARBBIZFMMW 83
2020-04-09 21:56:33 - SIMPLEAPPS ORDER-XHKMPCOWVFBXAP 43
2020-04-09 21:56:35 - SIMPLEAPPS ORDER-KZTFFPPBREONZW 25
2020-04-09 21:56:38 - SIMPLEAPPS ORDER-ILUJGQPQQYAHFJ 93
2020-04-09 21:56:40 - SIMPLEAPPS ORDER-FJHEZVWOLZMDZQ 81
2020-04-09 21:56:42 - SIMPLEAPPS ORDER-EBPOLIDPTAMSXY 49
2020-04-09 21:56:44 - SIMPLEAPPS ORDER-WOXQMPZFKQDTCL 52
2020-04-09 21:56:46 - SIMPLEAPPS ORDER-MANKZWMTMAYVHV 19
2020-04-09 21:56:48 - SIMPLEAPPS ORDER-TJVDLXBJPEYFXE 31
2020-04-09 21:56:50 - SIMPLEAPPS ORDER-NUGTEGYQTTLWDR 32
2020-04-09 21:56:52 - SIMPLEAPPS ORDER-NBBWRQHAOJWXTO 47
2020-04-09 21:56:54 - SIMPLEAPPS ORDER-LKLODRAPCWQWYT 92
2020-04-09 21:56:56 - SIMPLEAPPS ORDER-QFRSUEXSPCYKQV 87
2020-04-09 21:56:58 - SIMPLEAPPS ORDER-TWIEZBDSPYZTPR 81
2020-04-09 21:57:00 - SIMPLEAPPS ORDER-FJFOFSSQVMVQSK 67
2020-04-09 21:57:02 - SIMPLEAPPS ORDER-TDCKZCVUGKIHAT 89
2020-04-09 21:57:04 - SIMPLEAPPS ORDER-KHDPEXVMNLEGDV 95
2020-04-09 21:57:06 - SIMPLEAPPS ORDER-YKBTXDOEXLNWHY 79
2020-04-09 21:57:08 - SIMPLEAPPS ORDER-XWHSEUYVGXRLWO 69
2020-04-09 21:57:10 - SIMPLEAPPS ORDER-SJJQOGABENDETZ 60
2020-04-09 21:57:12 - SIMPLEAPPS ORDER-ZAKROMTIXBHAFJ 39
2020-04-09 21:57:14 - SIMPLEAPPS ORDER-VLCIEPWUXHEGPH 38
2020-04-09 21:57:16 - SIMPLEAPPS ORDER-UWXXTCRRFSZMCD 57
2020-04-09 21:57:18 - SIMPLEAPPS ORDER-UQLUBBVHLQWXUU 57
2020-04-09 21:57:20 - SIMPLEAPPS ORDER-LIXHATIEYUFHMC 12
2020-04-09 21:57:22 - SIMPLEAPPS ORDER-CPWTIVEFMQNQTA 40
2020-04-09 21:57:24 - SIMPLEAPPS ORDER-YOXGYMYCXHPFMI 50
2020-04-09 21:57:26 - SIMPLEAPPS ORDER-JLRNYZYIGPAFIH 54
2020-04-09 21:57:29 - SIMPLEAPPS ORDER-UOMYNLNVPFXNIH 51
2020-04-09 21:57:31 - SIMPLEAPPS ORDER-SWSSSJCSGTINWS 17
2020-04-09 21:57:33 - SIMPLEAPPS ORDER-ASAJYLRPZPHTYD 14
2020-04-09 21:57:38 - SIMPLEAPPS ORDER-TFMBNMPIPRPKOR 10
2020-04-09 21:58:39 - SIMPLEAPPS ORDER-RWTAMKAWPCZYIY 27
2020-04-09 21:59:39 - SIMPLEAPPS ORDER-YTWXUNCMCVTSUW 41
2020-04-09 22:00:09 - SIMPLEAPPS ORDER-ZVYSWYZGYNUVPU 59
2020-04-09 22:00:10 - SIMPLEAPPS ORDER-PFZESQXPQGSKNE 73
2020-04-09 22:00:11 - SIMPLEAPPS ORDER-QCYESDZOUBEILM 70
2020-04-09 22:00:12 - SIMPLEAPPS ORDER-ZZMDPMPCCNMNZL 66
2020-04-09 22:00:13 - SIMPLEAPPS ORDER-PDADVCZXVRPDTA 47
2020-04-09 22:00:14 - SIMPLEAPPS ORDER-JUPOKZMZGFVDNS 95
2020-04-09 22:00:15 - SIMPLEAPPS ORDER-OPTYSNFJFXFAOM 11
2020-04-09 22:00:16 - SIMPLEAPPS ORDER-OSDZBBAJOHKITC 25
2020-04-09 22:00:17 - SIMPLEAPPS ORDER-KZOPLQAYASGLON 66
2020-04-09 22:00:18 - SIMPLEAPPS ORDER-VSAAXPKNCSSYJI 35
2020-04-09 22:00:19 - SIMPLEAPPS ORDER-LYSIRGRUGZIJRW 25
2020-04-09 22:00:20 - SIMPLEAPPS ORDER-DOGZAQSJAWJJZI 97
2020-04-09 22:00:21 - SIMPLEAPPS ORDER-EBGWDMBLCQRRYD 36
2020-04-09 22:00:22 - SIMPLEAPPS ORDER-JBILTVHMPACUOF 80
2020-04-09 22:00:23 - SIMPLEAPPS ORDER-DFVIZUZUDXCLPQ 85
2020-04-09 22:00:25 - SIMPLEAPPS ORDER-UBLXQRAZKYWTTD 38
2020-04-09 22:00:26 - SIMPLEAPPS ORDER-EGZHLTAWPVEGVW 20
2020-04-09 22:00:27 - SIMPLEAPPS ORDER-CPFEQKNFQFKBEM 90
2020-04-09 22:00:28 - SIMPLEAPPS ORDER-RMYRITIRZDBBMT 89
2020-04-09 22:00:29 - SIMPLEAPPS ORDER-LYOKNZLKKPVVPH 73
2020-04-09 22:00:30 - SIMPLEAPPS ORDER-QBQETUWYPAHNCS 58
2020-04-09 22:00:31 - SIMPLEAPPS ORDER-DNXZHHNLQEIYFL 50
2020-04-09 22:00:32 - SIMPLEAPPS ORDER-NXGUCZGREEIOFV 53
2020-04-09 22:00:33 - SIMPLEAPPS ORDER-LVRWAYTZFCBRJZ 95
2020-04-09 22:00:34 - SIMPLEAPPS ORDER-IHYVJSHQHJZJYH 89
2020-04-09 22:00:35 - SIMPLEAPPS ORDER-TNHHIZPQBZGEAY 26
2020-04-09 22:00:36 - SIMPLEAPPS ORDER-RUQOBXIZAUJPFI 38
2020-04-09 22:00:37 - SIMPLEAPPS ORDER-JIEWCHWEASZLRT 58
2020-04-09 22:00:38 - SIMPLEAPPS ORDER-FPHRWAAUYCOPVN 46
2020-04-09 22:00:39 - SIMPLEAPPS ORDER-HMVMNOLYWVBVZB 31
2020-04-09 22:00:40 - SIMPLEAPPS ORDER-ECOKVSAOTBQNRD 61
2020-04-09 22:00:41 - SIMPLEAPPS ORDER-CNHBTCUPBOHSUM 87
2020-04-09 22:00:42 - SIMPLEAPPS ORDER-IFKFYDLQQMBQXO 25
2020-04-09 22:00:43 - SIMPLEAPPS ORDER-MIYFGZUGPZGBPS 49
2020-04-09 22:00:44 - SIMPLEAPPS ORDER-LDFJPHDYJVWUWD 13
2020-04-09 22:00:45 - SIMPLEAPPS ORDER-KFHNJFOYCURKNN 81
2020-04-09 22:00:46 - SIMPLEAPPS ORDER-TDBJAECVFJUMEI 35
2020-04-09 22:00:47 - SIMPLEAPPS ORDER-RPLATWTTZIHMGE 92
2020-04-09 22:00:48 - SIMPLEAPPS ORDER-UQCPUJWIAETFQF 63
2020-04-09 22:00:50 - SIMPLEAPPS ORDER-ABIXZDYSQIDKGN 59
2020-04-09 22:00:51 - SIMPLEAPPS ORDER-GVBZDNMEFSHXIZ 61
2020-04-09 22:00:52 - SIMPLEAPPS ORDER-USZYXMZTOOSRUF 10
2020-04-09 22:00:53 - SIMPLEAPPS ORDER-GVIKBFCKZDNLJA 33
2020-04-09 22:00:54 - SIMPLEAPPS ORDER-VIWJYHDETQQKBW 27
2020-04-09 22:00:55 - SIMPLEAPPS ORDER-DNPAGJLRJNZHPP 34
2020-04-09 22:00:56 - SIMPLEAPPS ORDER-NHVNGMMAGNNFFI 53
2020-04-09 22:00:57 - SIMPLEAPPS ORDER-UOTHTXDQLXZQFB 49
2020-04-09 22:00:58 - SIMPLEAPPS ORDER-GYTMUUSGMQEBXD 35
2020-04-09 22:00:59 - SIMPLEAPPS ORDER-OZYXKMHSRBYYAM 72
2020-04-09 22:01:00 - SIMPLEAPPS ORDER-KXNFIAKHZCARIY 35
2020-04-09 22:01:01 - SIMPLEAPPS ORDER-FRAYVSUQAMTESH 93
2020-04-09 22:01:02 - SIMPLEAPPS ORDER-PYQNJONQHECDGS 46
2020-04-09 22:01:03 - SIMPLEAPPS ORDER-KIBQXJCPPWOCXI 20
2020-04-09 22:01:04 - SIMPLEAPPS ORDER-EPCSVORZWTZWGZ 31
2020-04-09 22:01:05 - SIMPLEAPPS ORDER-TEPBIHKUMFFLWJ 37
2020-04-09 22:01:06 - SIMPLEAPPS ORDER-VVUETAVCPOIMSA 35
2020-04-09 22:01:07 - SIMPLEAPPS ORDER-MJOUVZZKEKVOEC 56
2020-04-09 22:01:08 - SIMPLEAPPS ORDER-PRYEZFCLJPJCNX 51
2020-04-09 22:01:09 - SIMPLEAPPS ORDER-WDTZMUZMNXNROF 26
2020-04-09 22:01:10 - SIMPLEAPPS ORDER-RGAASDUZTWBIUS 16
2020-04-09 22:01:11 - SIMPLEAPPS ORDER-HJTYTGQSWCEXDK 75
2020-04-09 22:01:12 - SIMPLEAPPS ORDER-XZZWLHEOMGVRXS 46
2020-04-09 22:01:13 - SIMPLEAPPS ORDER-ZDBOBWTXRKLEAJ 42
2020-04-09 22:01:15 - SIMPLEAPPS ORDER-REJUDKXAIBQUUK 75
2020-04-09 22:01:16 - SIMPLEAPPS ORDER-OMLSLAIJOMVXMP 48
2020-04-09 22:01:17 - SIMPLEAPPS ORDER-XCSTJELQZVBWLQ 94
2020-04-09 22:01:18 - SIMPLEAPPS ORDER-SGZPCCOZJTPLNP 58
2020-04-09 22:01:19 - SIMPLEAPPS ORDER-UIBMTADWIAXSQS 88
2020-04-09 22:01:20 - SIMPLEAPPS ORDER-SVWWLDRSUAKQPL 97
2020-04-09 22:01:21 - SIMPLEAPPS ORDER-MOATNLYETCEQNH 23
2020-04-09 22:01:22 - SIMPLEAPPS ORDER-IYSLGXIXJVOXBG 65
2020-04-09 22:01:23 - SIMPLEAPPS ORDER-ANPRKVNBEFBOCN 83
2020-04-09 22:01:24 - SIMPLEAPPS ORDER-HZZEGYZWVKISYC 36
2020-04-09 22:01:25 - SIMPLEAPPS ORDER-OBYMVXOJMUMLDO 49
2020-04-09 22:01:26 - SIMPLEAPPS ORDER-INETDFAKBIKPWD 70
2020-04-09 22:01:27 - SIMPLEAPPS ORDER-ATSXEQBCBNRCVC 43
2020-04-09 22:01:28 - SIMPLEAPPS ORDER-ESPZNRSEVACOBZ 63
2020-04-09 22:01:29 - SIMPLEAPPS ORDER-WKNXIDVIVEDFNS 32
2020-04-09 22:01:30 - SIMPLEAPPS ORDER-UWCRGILHUODVDD 14
2020-04-09 22:01:31 - SIMPLEAPPS ORDER-YKYJXWJYSOLBLP 56
2020-04-09 22:01:32 - SIMPLEAPPS ORDER-RRHTEBMKCCWZMW 54
2020-04-09 22:01:33 - SIMPLEAPPS ORDER-SOKBJXADFHKKXW 65
2020-04-09 22:01:34 - SIMPLEAPPS ORDER-RLRYWYIWQWKDHE 80
2020-04-09 22:01:35 - SIMPLEAPPS ORDER-UJWIMCBMMDLBNA 14
2020-04-09 22:01:36 - SIMPLEAPPS ORDER-XEHUJLHQVEYAEO 57
2020-04-09 22:01:37 - SIMPLEAPPS ORDER-ZDPYXUMFVXNUJQ 27
2020-04-09 22:01:38 - SIMPLEAPPS ORDER-FRFQFEKUNLFFKO 92
2020-04-09 22:01:39 - SIMPLEAPPS ORDER-BFSIVHTMHPFNET 81
2020-04-09 22:01:40 - SIMPLEAPPS ORDER-GXYPJCVIXRUJSZ 88
2020-04-09 22:01:42 - SIMPLEAPPS ORDER-CAGZFXZLKBFRPX 89
2020-04-09 22:01:43 - SIMPLEAPPS ORDER-RJNKUUCCRWOHLJ 15
2020-04-09 22:01:44 - SIMPLEAPPS ORDER-YNRSJCINGHQNYG 23
2020-04-09 22:01:45 - SIMPLEAPPS ORDER-SASZYMFIMMSYLC 56
2020-04-09 22:01:46 - SIMPLEAPPS ORDER-STELBCCUYSMKPZ 69
2020-04-09 22:01:47 - SIMPLEAPPS ORDER-THTNXAMMPYNGGT 49
2020-04-09 22:01:48 - SIMPLEAPPS ORDER-LRDUZSWBDGGFRW 14
2020-04-09 22:01:49 - SIMPLEAPPS ORDER-FPNHTGNOBNUPWU 24
2020-04-09 22:01:50 - SIMPLEAPPS ORDER-UBRDLQMHORAPBT 64
2020-04-09 22:01:51 - SIMPLEAPPS ORDER-UCCCBJCIZMPTUZ 63
2020-04-09 22:01:52 - SIMPLEAPPS ORDER-GWEWOXFESKFTMC 25
2020-04-09 22:01:53 - SIMPLEAPPS ORDER-MAFKVULDENRMVT 49
2020-04-09 22:01:59 - SIMPLEAPPS ORDER-UFLJNIBYJHHVOH 64
2020-04-09 23:41:59 - SIMPLEAPPS ORDER-ZROFEXNHNUSCHO 65
2020-04-10 01:21:59 - SIMPLEAPPS ORDER-LSKKQQZSZAVKEL 87
2020-04-10 03:01:59 - SIMPLEAPPS ORDER-VYQCAPZPPSGOKV 72
2020-04-10 04:41:59 - SIMPLEAPPS ORDER-BFTFSUHILVTSNB 70
2020-04-10 06:22:00 - SIMPLEAPPS ORDER-TNOUZNIBGALQVW 53
2020-04-10 08:02:00 - SIMPLEAPPS ORDER-EABUGTXPQILUOE 22
2020-04-10 09:42:00 - SIMPLEAPPS ORDER-CFOJZTULMVOHLR 47
2020-04-10 11:22:00 - SIMPLEAPPS ORDER-KKLFUKHZWGFTJH 89
2020-04-10 13:02:00 - SIMPLEAPPS ORDER-IPBQXZJFDJWEMW 36
2020-04-10 14:42:00 - SIMPLEAPPS ORDER-BNIHJGKXBCGREF 91
2020-04-10 16:22:00 - SIMPLEAPPS ORDER-OFMISYGVVZRJFF 31
2020-04-10 18:02:00 - SIMPLEAPPS ORDER-QBHKXUUVWQTLOX 73
2020-04-10 19:42:00 - SIMPLEAPPS ORDER-OIGNPFWVTAMRFW 59
2020-04-10 21:22:00 - SIMPLEAPPS ORDER-NPBZYZPMOPQHNO 27
2020-04-10 23:02:00 - SIMPLEAPPS ORDER-EYBTTYNPXWUNLX 14
2020-04-11 00:42:00 - SIMPLEAPPS ORDER-AUFKLCXJCKRMBT 85
2020-04-11 02:22:00 - SIMPLEAPPS ORDER-AFJBKDZDKUAOPI 91
2020-04-11 04:02:00 - SIMPLEAPPS ORDER-KXODOHVLFLQSMZ 62
2020-04-11 05:42:00 - SIMPLEAPPS ORDER-XFFHAGMGALIPLM 22
2020-04-11 07:22:00 - SIMPLEAPPS ORDER-VMPDYIEISPMPJY 73
2020-04-11 09:02:00 - SIMPLEAPPS ORDER-CFYAOFKCJCZOZK 33
2020-04-11 10:42:00 - SIMPLEAPPS ORDER-RQINRABJXAPYDD 18
2020-04-11 12:22:00 - SIMPLEAPPS ORDER-GACFTFVHOVCRVO 75
2020-04-11 14:02:00 - SIMPLEAPPS ORDER-JYPMRBFMHFLLKN 18
2020-04-11 15:42:00 - SIMPLEAPPS ORDER-XHMHSLGVHESTOW 55
2020-04-11 17:22:00 - SIMPLEAPPS ORDER-PWLEWXNFDELVHY 57
2020-04-11 19:02:00 - SIMPLEAPPS ORDER-UAYOQWVCKVTZVH 97
2020-04-11 20:42:00 - SIMPLEAPPS ORDER-FLGLBTNJTUGZYV 97
2020-04-11 22:22:00 - SIMPLEAPPS ORDER-CGHCUOPLJHQXPJ 13
2020-04-12 00:02:01 - SIMPLEAPPS ORDER-EWQHBOIDTZHJXI 92
2020-04-12 01:42:01 - SIMPLEAPPS ORDER-BFZWDNAHGGBWLD 94
2020-04-12 03:22:01 - SIMPLEAPPS ORDER-TMYWLZWXUGFDGI 20
2020-04-12 05:02:01 - SIMPLEAPPS ORDER-OAOKFYIKJPVKMM 18
2020-04-12 06:42:01 - SIMPLEAPPS ORDER-RUDHCRQXBPLZEJ 39
2020-04-12 08:22:01 - SIMPLEAPPS ORDER-LWGZCYEJKNBNDC 80
2020-04-12 10:02:01 - SIMPLEAPPS ORDER-KZFOXSEZOGDKKO 77
2020-04-12 11:42:01 - SIMPLEAPPS ORDER-FWDQSKMCKXHDVN 13
2020-04-12 13:22:01 - SIMPLEAPPS ORDER-JHMYTRXSDINXZF 26
2020-04-12 15:02:01 - SIMPLEAPPS ORDER-IRNEVRVJBUYGSK 43
2020-04-12 16:42:01 - SIMPLEAPPS ORDER-JRUNSMRDZQHDGC 33
2020-04-12 18:22:01 - SIMPLEAPPS ORDER-CXLBGVOUAGGXJW 27
2020-04-12 20:02:01 - SIMPLEAPPS ORDER-PWGBLQFVNHRASA 57
